{"C:\\git\\repos\\wil\\typescript\\tslibrary\\src\\matrix\\matrix2.ts": {"path":"C:\\git\\repos\\wil\\typescript\\tslibrary\\src\\matrix\\matrix2.ts","statementMap":{"0":{"start":{"line":1,"column":0},"end":{"line":1,"column":63}},"1":{"start":{"line":2,"column":0},"end":{"line":2,"column":46}},"2":{"start":{"line":12,"column":8},"end":{"line":12,"column":20}},"3":{"start":{"line":14,"column":8},"end":{"line":14,"column":41}},"4":{"start":{"line":18,"column":39},"end":{"line":18,"column":72}},"5":{"start":{"line":19,"column":64},"end":{"line":19,"column":98}},"6":{"start":{"line":21,"column":32},"end":{"line":21,"column":41}},"7":{"start":{"line":22,"column":25},"end":{"line":22,"column":34}},"8":{"start":{"line":25,"column":8},"end":{"line":26,"column":86}},"9":{"start":{"line":26,"column":12},"end":{"line":26,"column":86}},"10":{"start":{"line":28,"column":8},"end":{"line":28,"column":47}},"11":{"start":{"line":35,"column":8},"end":{"line":35,"column":39}},"12":{"start":{"line":36,"column":8},"end":{"line":36,"column":40}},"13":{"start":{"line":37,"column":17},"end":{"line":37,"column":18}},"14":{"start":{"line":39,"column":8},"end":{"line":45,"column":null}},"15":{"start":{"line":40,"column":12},"end":{"line":40,"column":26}},"16":{"start":{"line":41,"column":12},"end":{"line":41,"column":26}},"17":{"start":{"line":43,"column":12},"end":{"line":43,"column":24}},"18":{"start":{"line":44,"column":12},"end":{"line":44,"column":25}},"19":{"start":{"line":47,"column":8},"end":{"line":47,"column":36}},"20":{"start":{"line":48,"column":8},"end":{"line":48,"column":36}},"21":{"start":{"line":49,"column":8},"end":{"line":49,"column":20}},"22":{"start":{"line":57,"column":8},"end":{"line":57,"column":39}},"23":{"start":{"line":58,"column":8},"end":{"line":58,"column":40}},"24":{"start":{"line":59,"column":17},"end":{"line":59,"column":18}},"25":{"start":{"line":61,"column":8},"end":{"line":70,"column":null}},"26":{"start":{"line":62,"column":12},"end":{"line":62,"column":26}},"27":{"start":{"line":63,"column":12},"end":{"line":63,"column":26}},"28":{"start":{"line":64,"column":15},"end":{"line":70,"column":null}},"29":{"start":{"line":65,"column":12},"end":{"line":65,"column":24}},"30":{"start":{"line":66,"column":12},"end":{"line":66,"column":24}},"31":{"start":{"line":68,"column":12},"end":{"line":68,"column":24}},"32":{"start":{"line":69,"column":12},"end":{"line":69,"column":25}},"33":{"start":{"line":72,"column":8},"end":{"line":72,"column":32}},"34":{"start":{"line":73,"column":8},"end":{"line":73,"column":32}},"35":{"start":{"line":74,"column":8},"end":{"line":74,"column":20}},"36":{"start":{"line":78,"column":8},"end":{"line":78,"column":39}},"37":{"start":{"line":79,"column":8},"end":{"line":79,"column":40}},"38":{"start":{"line":80,"column":8},"end":{"line":80,"column":38}},"39":{"start":{"line":81,"column":8},"end":{"line":81,"column":32}},"40":{"start":{"line":82,"column":8},"end":{"line":82,"column":32}},"41":{"start":{"line":83,"column":8},"end":{"line":83,"column":20}},"42":{"start":{"line":90,"column":8},"end":{"line":90,"column":39}},"43":{"start":{"line":91,"column":8},"end":{"line":91,"column":40}},"44":{"start":{"line":92,"column":23},"end":{"line":92,"column":24}},"45":{"start":{"line":94,"column":8},"end":{"line":100,"column":null}},"46":{"start":{"line":95,"column":12},"end":{"line":95,"column":32}},"47":{"start":{"line":96,"column":12},"end":{"line":96,"column":32}},"48":{"start":{"line":98,"column":12},"end":{"line":98,"column":30}},"49":{"start":{"line":99,"column":12},"end":{"line":99,"column":37}},"50":{"start":{"line":102,"column":8},"end":{"line":102,"column":37}},"51":{"start":{"line":103,"column":8},"end":{"line":103,"column":37}},"52":{"start":{"line":104,"column":8},"end":{"line":104,"column":20}},"53":{"start":{"line":111,"column":8},"end":{"line":111,"column":41}},"54":{"start":{"line":112,"column":17},"end":{"line":112,"column":18}},"55":{"start":{"line":114,"column":8},"end":{"line":120,"column":null}},"56":{"start":{"line":115,"column":12},"end":{"line":115,"column":26}},"57":{"start":{"line":116,"column":12},"end":{"line":116,"column":26}},"58":{"start":{"line":118,"column":12},"end":{"line":118,"column":24}},"59":{"start":{"line":119,"column":12},"end":{"line":119,"column":25}},"60":{"start":{"line":122,"column":8},"end":{"line":122,"column":39}},"61":{"start":{"line":130,"column":8},"end":{"line":130,"column":41}},"62":{"start":{"line":131,"column":17},"end":{"line":131,"column":18}},"63":{"start":{"line":133,"column":8},"end":{"line":142,"column":null}},"64":{"start":{"line":134,"column":12},"end":{"line":134,"column":26}},"65":{"start":{"line":135,"column":12},"end":{"line":135,"column":26}},"66":{"start":{"line":136,"column":15},"end":{"line":142,"column":null}},"67":{"start":{"line":137,"column":12},"end":{"line":137,"column":24}},"68":{"start":{"line":138,"column":12},"end":{"line":138,"column":24}},"69":{"start":{"line":140,"column":12},"end":{"line":140,"column":24}},"70":{"start":{"line":141,"column":12},"end":{"line":141,"column":25}},"71":{"start":{"line":144,"column":8},"end":{"line":144,"column":35}},"72":{"start":{"line":151,"column":8},"end":{"line":151,"column":41}},"73":{"start":{"line":154,"column":8},"end":{"line":159,"column":null}},"74":{"start":{"line":155,"column":12},"end":{"line":155,"column":31}},"75":{"start":{"line":156,"column":12},"end":{"line":156,"column":31}},"76":{"start":{"line":158,"column":12},"end":{"line":158,"column":29}},"77":{"start":{"line":161,"column":8},"end":{"line":161,"column":57}},"78":{"start":{"line":168,"column":8},"end":{"line":168,"column":41}},"79":{"start":{"line":169,"column":23},"end":{"line":169,"column":24}},"80":{"start":{"line":171,"column":8},"end":{"line":177,"column":null}},"81":{"start":{"line":172,"column":12},"end":{"line":172,"column":32}},"82":{"start":{"line":173,"column":12},"end":{"line":173,"column":32}},"83":{"start":{"line":175,"column":12},"end":{"line":175,"column":30}},"84":{"start":{"line":176,"column":12},"end":{"line":176,"column":37}},"85":{"start":{"line":179,"column":8},"end":{"line":179,"column":46}},"86":{"start":{"line":182,"column":35},"end":{"line":182,"column":65}},"87":{"start":{"line":183,"column":35},"end":{"line":183,"column":65}},"88":{"start":{"line":188,"column":8},"end":{"line":192,"column":null}},"89":{"start":{"line":189,"column":12},"end":{"line":189,"column":45}},"90":{"start":{"line":190,"column":12},"end":{"line":190,"column":44}},"91":{"start":{"line":191,"column":12},"end":{"line":191,"column":24}},"92":{"start":{"line":194,"column":8},"end":{"line":194,"column":36}},"93":{"start":{"line":195,"column":8},"end":{"line":195,"column":22}},"94":{"start":{"line":199,"column":8},"end":{"line":199,"column":39}},"95":{"start":{"line":201,"column":8},"end":{"line":203,"column":77}},"96":{"start":{"line":207,"column":18},"end":{"line":207,"column":63}},"97":{"start":{"line":209,"column":8},"end":{"line":209,"column":40}},"98":{"start":{"line":209,"column":23},"end":{"line":209,"column":40}},"99":{"start":{"line":211,"column":8},"end":{"line":211,"column":22}},"100":{"start":{"line":212,"column":8},"end":{"line":212,"column":36}},"101":{"start":{"line":213,"column":8},"end":{"line":213,"column":37}},"102":{"start":{"line":214,"column":8},"end":{"line":214,"column":37}},"103":{"start":{"line":215,"column":8},"end":{"line":215,"column":36}},"104":{"start":{"line":216,"column":8},"end":{"line":216,"column":74}},"105":{"start":{"line":217,"column":8},"end":{"line":217,"column":74}},"106":{"start":{"line":219,"column":8},"end":{"line":219,"column":22}},"107":{"start":{"line":223,"column":20},"end":{"line":223,"column":35}},"108":{"start":{"line":224,"column":19},"end":{"line":224,"column":32}},"109":{"start":{"line":225,"column":19},"end":{"line":225,"column":32}},"110":{"start":{"line":226,"column":8},"end":{"line":226,"column":32}},"111":{"start":{"line":227,"column":8},"end":{"line":227,"column":21}},"112":{"start":{"line":231,"column":20},"end":{"line":231,"column":35}},"113":{"start":{"line":232,"column":19},"end":{"line":232,"column":32}},"114":{"start":{"line":233,"column":19},"end":{"line":233,"column":32}},"115":{"start":{"line":234,"column":8},"end":{"line":234,"column":28}},"116":{"start":{"line":235,"column":8},"end":{"line":235,"column":17}},"117":{"start":{"line":239,"column":20},"end":{"line":239,"column":35}},"118":{"start":{"line":240,"column":19},"end":{"line":240,"column":32}},"119":{"start":{"line":241,"column":19},"end":{"line":241,"column":32}},"120":{"start":{"line":242,"column":8},"end":{"line":242,"column":27}},"121":{"start":{"line":243,"column":8},"end":{"line":243,"column":17}},"122":{"start":{"line":247,"column":20},"end":{"line":247,"column":35}},"123":{"start":{"line":248,"column":24},"end":{"line":248,"column":37}},"124":{"start":{"line":249,"column":19},"end":{"line":249,"column":32}},"125":{"start":{"line":250,"column":19},"end":{"line":250,"column":32}},"126":{"start":{"line":251,"column":8},"end":{"line":251,"column":40}},"127":{"start":{"line":252,"column":8},"end":{"line":252,"column":17}},"128":{"start":{"line":259,"column":21},"end":{"line":259,"column":31}},"129":{"start":{"line":260,"column":8},"end":{"line":260,"column":20}},"130":{"start":{"line":262,"column":8},"end":{"line":262,"column":47}},"131":{"start":{"line":263,"column":8},"end":{"line":263,"column":47}},"132":{"start":{"line":264,"column":8},"end":{"line":264,"column":47}},"133":{"start":{"line":265,"column":8},"end":{"line":265,"column":47}},"134":{"start":{"line":266,"column":8},"end":{"line":266,"column":57}},"135":{"start":{"line":267,"column":8},"end":{"line":267,"column":57}},"136":{"start":{"line":271,"column":8},"end":{"line":273,"column":57}},"137":{"start":{"line":277,"column":23},"end":{"line":277,"column":34}},"138":{"start":{"line":278,"column":8},"end":{"line":278,"column":53}},"139":{"start":{"line":279,"column":8},"end":{"line":279,"column":53}},"140":{"start":{"line":280,"column":8},"end":{"line":280,"column":29}},"141":{"start":{"line":281,"column":8},"end":{"line":281,"column":20}},"142":{"start":{"line":285,"column":23},"end":{"line":285,"column":34}},"143":{"start":{"line":286,"column":8},"end":{"line":286,"column":24}},"144":{"start":{"line":287,"column":8},"end":{"line":287,"column":24}},"145":{"start":{"line":288,"column":8},"end":{"line":288,"column":24}},"146":{"start":{"line":289,"column":8},"end":{"line":289,"column":24}},"147":{"start":{"line":290,"column":8},"end":{"line":290,"column":29}},"148":{"start":{"line":291,"column":8},"end":{"line":291,"column":20}},"149":{"start":{"line":295,"column":8},"end":{"line":295,"column":31}},"150":{"start":{"line":296,"column":8},"end":{"line":296,"column":31}},"151":{"start":{"line":297,"column":25},"end":{"line":297,"column":55}},"152":{"start":{"line":299,"column":8},"end":{"line":300,"column":46}},"153":{"start":{"line":300,"column":12},"end":{"line":300,"column":46}},"154":{"start":{"line":302,"column":23},"end":{"line":302,"column":34}},"155":{"start":{"line":303,"column":21},"end":{"line":303,"column":31}},"156":{"start":{"line":304,"column":8},"end":{"line":304,"column":25}},"157":{"start":{"line":305,"column":20},"end":{"line":305,"column":37}},"158":{"start":{"line":306,"column":20},"end":{"line":306,"column":37}},"159":{"start":{"line":308,"column":8},"end":{"line":308,"column":50}},"160":{"start":{"line":309,"column":8},"end":{"line":309,"column":50}},"161":{"start":{"line":310,"column":8},"end":{"line":310,"column":51}},"162":{"start":{"line":311,"column":8},"end":{"line":311,"column":51}},"163":{"start":{"line":313,"column":8},"end":{"line":314,"column":48}},"164":{"start":{"line":314,"column":12},"end":{"line":314,"column":48}},"165":{"start":{"line":316,"column":8},"end":{"line":316,"column":29}},"166":{"start":{"line":317,"column":8},"end":{"line":317,"column":20}},"167":{"start":{"line":321,"column":23},"end":{"line":321,"column":34}},"168":{"start":{"line":322,"column":24},"end":{"line":322,"column":33}},"169":{"start":{"line":323,"column":24},"end":{"line":323,"column":33}},"170":{"start":{"line":325,"column":8},"end":{"line":329,"column":null}},"171":{"start":{"line":326,"column":25},"end":{"line":326,"column":43}},"172":{"start":{"line":327,"column":12},"end":{"line":327,"column":42}},"173":{"start":{"line":328,"column":12},"end":{"line":328,"column":42}},"174":{"start":{"line":331,"column":8},"end":{"line":335,"column":null}},"175":{"start":{"line":332,"column":25},"end":{"line":332,"column":43}},"176":{"start":{"line":333,"column":12},"end":{"line":333,"column":40}},"177":{"start":{"line":334,"column":12},"end":{"line":334,"column":40}},"178":{"start":{"line":337,"column":8},"end":{"line":337,"column":29}},"179":{"start":{"line":338,"column":8},"end":{"line":338,"column":20}},"180":{"start":{"line":8,"column":0},"end":{"line":8,"column":22}}},"fnMap":{"0":{"name":"(anonymous_0)","decl":{"start":{"line":11,"column":4},"end":{"line":11,"column":16}},"loc":{"start":{"line":11,"column":32},"end":{"line":15,"column":5}}},"1":{"name":"(anonymous_1)","decl":{"start":{"line":18,"column":4},"end":{"line":18,"column":10}},"loc":{"start":{"line":18,"column":34},"end":{"line":18,"column":74}}},"2":{"name":"(anonymous_2)","decl":{"start":{"line":19,"column":4},"end":{"line":19,"column":10}},"loc":{"start":{"line":19,"column":60},"end":{"line":19,"column":100}}},"3":{"name":"(anonymous_3)","decl":{"start":{"line":21,"column":4},"end":{"line":21,"column":10}},"loc":{"start":{"line":21,"column":27},"end":{"line":21,"column":43}}},"4":{"name":"(anonymous_4)","decl":{"start":{"line":22,"column":4},"end":{"line":22,"column":8}},"loc":{"start":{"line":22,"column":20},"end":{"line":22,"column":36}}},"5":{"name":"(anonymous_5)","decl":{"start":{"line":24,"column":4},"end":{"line":24,"column":10}},"loc":{"start":{"line":24,"column":17},"end":{"line":29,"column":5}}},"6":{"name":"(anonymous_6)","decl":{"start":{"line":34,"column":4},"end":{"line":34,"column":18}},"loc":{"start":{"line":34,"column":68},"end":{"line":50,"column":5}}},"7":{"name":"(anonymous_7)","decl":{"start":{"line":56,"column":4},"end":{"line":56,"column":12}},"loc":{"start":{"line":56,"column":62},"end":{"line":75,"column":5}}},"8":{"name":"(anonymous_8)","decl":{"start":{"line":77,"column":4},"end":{"line":77,"column":17}},"loc":{"start":{"line":77,"column":33},"end":{"line":84,"column":5}}},"9":{"name":"(anonymous_9)","decl":{"start":{"line":89,"column":4},"end":{"line":89,"column":11}},"loc":{"start":{"line":89,"column":73},"end":{"line":105,"column":5}}},"10":{"name":"(anonymous_10)","decl":{"start":{"line":110,"column":4},"end":{"line":110,"column":13}},"loc":{"start":{"line":110,"column":63},"end":{"line":123,"column":5}}},"11":{"name":"(anonymous_11)","decl":{"start":{"line":129,"column":4},"end":{"line":129,"column":9}},"loc":{"start":{"line":129,"column":59},"end":{"line":145,"column":5}}},"12":{"name":"(anonymous_12)","decl":{"start":{"line":150,"column":4},"end":{"line":150,"column":12}},"loc":{"start":{"line":150,"column":72},"end":{"line":162,"column":5}}},"13":{"name":"(anonymous_13)","decl":{"start":{"line":167,"column":4},"end":{"line":167,"column":8}},"loc":{"start":{"line":167,"column":70},"end":{"line":180,"column":5}}},"14":{"name":"(anonymous_14)","decl":{"start":{"line":182,"column":4},"end":{"line":182,"column":9}},"loc":{"start":{"line":182,"column":25},"end":{"line":182,"column":67}}},"15":{"name":"(anonymous_15)","decl":{"start":{"line":183,"column":4},"end":{"line":183,"column":9}},"loc":{"start":{"line":183,"column":25},"end":{"line":183,"column":67}}},"16":{"name":"(anonymous_16)","decl":{"start":{"line":187,"column":4},"end":{"line":187,"column":8}},"loc":{"start":{"line":187,"column":53},"end":{"line":196,"column":5}}},"17":{"name":"(anonymous_17)","decl":{"start":{"line":198,"column":4},"end":{"line":198,"column":13}},"loc":{"start":{"line":198,"column":50},"end":{"line":204,"column":5}}},"18":{"name":"(anonymous_18)","decl":{"start":{"line":206,"column":4},"end":{"line":206,"column":15}},"loc":{"start":{"line":206,"column":58},"end":{"line":220,"column":5}}},"19":{"name":"(anonymous_19)","decl":{"start":{"line":222,"column":14},"end":{"line":222,"column":30}},"loc":{"start":{"line":222,"column":70},"end":{"line":228,"column":5}}},"20":{"name":"(anonymous_20)","decl":{"start":{"line":230,"column":14},"end":{"line":230,"column":24}},"loc":{"start":{"line":230,"column":64},"end":{"line":236,"column":5}}},"21":{"name":"(anonymous_21)","decl":{"start":{"line":238,"column":14},"end":{"line":238,"column":23}},"loc":{"start":{"line":238,"column":63},"end":{"line":244,"column":5}}},"22":{"name":"(anonymous_22)","decl":{"start":{"line":246,"column":14},"end":{"line":246,"column":27}},"loc":{"start":{"line":246,"column":67},"end":{"line":253,"column":5}}},"23":{"name":"(anonymous_23)","decl":{"start":{"line":258,"column":14},"end":{"line":258,"column":19}},"loc":{"start":{"line":258,"column":52},"end":{"line":268,"column":5}}},"24":{"name":"(anonymous_24)","decl":{"start":{"line":270,"column":14},"end":{"line":270,"column":29}},"loc":{"start":{"line":270,"column":70},"end":{"line":274,"column":5}}},"25":{"name":"(anonymous_25)","decl":{"start":{"line":276,"column":14},"end":{"line":276,"column":24}},"loc":{"start":{"line":276,"column":47},"end":{"line":282,"column":5}}},"26":{"name":"(anonymous_26)","decl":{"start":{"line":284,"column":14},"end":{"line":284,"column":20}},"loc":{"start":{"line":284,"column":43},"end":{"line":292,"column":5}}},"27":{"name":"(anonymous_27)","decl":{"start":{"line":294,"column":14},"end":{"line":294,"column":23}},"loc":{"start":{"line":294,"column":75},"end":{"line":318,"column":5}}},"28":{"name":"(anonymous_28)","decl":{"start":{"line":320,"column":14},"end":{"line":320,"column":19}},"loc":{"start":{"line":320,"column":54},"end":{"line":339,"column":5}}}},"branchMap":{"0":{"loc":{"start":{"line":25,"column":8},"end":{"line":26,"column":86}},"type":"if","locations":[{"start":{"line":25,"column":8},"end":{"line":26,"column":86}},{"start":{"line":25,"column":8},"end":{"line":26,"column":86}}]},"1":{"loc":{"start":{"line":39,"column":8},"end":{"line":45,"column":null}},"type":"if","locations":[{"start":{"line":39,"column":8},"end":{"line":45,"column":null}},{"start":{"line":39,"column":8},"end":{"line":45,"column":null}}]},"2":{"loc":{"start":{"line":44,"column":17},"end":{"line":44,"column":19}},"type":"binary-expr","locations":[{"start":{"line":44,"column":17},"end":{"line":44,"column":19}},{"start":{"line":44,"column":23},"end":{"line":44,"column":24}}]},"3":{"loc":{"start":{"line":61,"column":8},"end":{"line":70,"column":null}},"type":"if","locations":[{"start":{"line":61,"column":8},"end":{"line":70,"column":null}},{"start":{"line":61,"column":8},"end":{"line":70,"column":null}}]},"4":{"loc":{"start":{"line":64,"column":15},"end":{"line":70,"column":null}},"type":"if","locations":[{"start":{"line":64,"column":15},"end":{"line":70,"column":null}},{"start":{"line":64,"column":15},"end":{"line":70,"column":null}}]},"5":{"loc":{"start":{"line":69,"column":17},"end":{"line":69,"column":19}},"type":"binary-expr","locations":[{"start":{"line":69,"column":17},"end":{"line":69,"column":19}},{"start":{"line":69,"column":23},"end":{"line":69,"column":24}}]},"6":{"loc":{"start":{"line":94,"column":8},"end":{"line":100,"column":null}},"type":"if","locations":[{"start":{"line":94,"column":8},"end":{"line":100,"column":null}},{"start":{"line":94,"column":8},"end":{"line":100,"column":null}}]},"7":{"loc":{"start":{"line":99,"column":23},"end":{"line":99,"column":31}},"type":"binary-expr","locations":[{"start":{"line":99,"column":23},"end":{"line":99,"column":31}},{"start":{"line":99,"column":35},"end":{"line":99,"column":36}}]},"8":{"loc":{"start":{"line":114,"column":8},"end":{"line":120,"column":null}},"type":"if","locations":[{"start":{"line":114,"column":8},"end":{"line":120,"column":null}},{"start":{"line":114,"column":8},"end":{"line":120,"column":null}}]},"9":{"loc":{"start":{"line":119,"column":17},"end":{"line":119,"column":19}},"type":"binary-expr","locations":[{"start":{"line":119,"column":17},"end":{"line":119,"column":19}},{"start":{"line":119,"column":23},"end":{"line":119,"column":24}}]},"10":{"loc":{"start":{"line":133,"column":8},"end":{"line":142,"column":null}},"type":"if","locations":[{"start":{"line":133,"column":8},"end":{"line":142,"column":null}},{"start":{"line":133,"column":8},"end":{"line":142,"column":null}}]},"11":{"loc":{"start":{"line":136,"column":15},"end":{"line":142,"column":null}},"type":"if","locations":[{"start":{"line":136,"column":15},"end":{"line":142,"column":null}},{"start":{"line":136,"column":15},"end":{"line":142,"column":null}}]},"12":{"loc":{"start":{"line":141,"column":17},"end":{"line":141,"column":19}},"type":"binary-expr","locations":[{"start":{"line":141,"column":17},"end":{"line":141,"column":19}},{"start":{"line":141,"column":23},"end":{"line":141,"column":24}}]},"13":{"loc":{"start":{"line":154,"column":8},"end":{"line":159,"column":null}},"type":"if","locations":[{"start":{"line":154,"column":8},"end":{"line":159,"column":null}},{"start":{"line":154,"column":8},"end":{"line":159,"column":null}}]},"14":{"loc":{"start":{"line":171,"column":8},"end":{"line":177,"column":null}},"type":"if","locations":[{"start":{"line":171,"column":8},"end":{"line":177,"column":null}},{"start":{"line":171,"column":8},"end":{"line":177,"column":null}}]},"15":{"loc":{"start":{"line":176,"column":23},"end":{"line":176,"column":31}},"type":"binary-expr","locations":[{"start":{"line":176,"column":23},"end":{"line":176,"column":31}},{"start":{"line":176,"column":35},"end":{"line":176,"column":36}}]},"16":{"loc":{"start":{"line":188,"column":8},"end":{"line":192,"column":null}},"type":"if","locations":[{"start":{"line":188,"column":8},"end":{"line":192,"column":null}},{"start":{"line":188,"column":8},"end":{"line":192,"column":null}}]},"17":{"loc":{"start":{"line":199,"column":17},"end":{"line":199,"column":23}},"type":"binary-expr","locations":[{"start":{"line":199,"column":17},"end":{"line":199,"column":23}},{"start":{"line":199,"column":27},"end":{"line":199,"column":38}}]},"18":{"loc":{"start":{"line":209,"column":8},"end":{"line":209,"column":40}},"type":"if","locations":[{"start":{"line":209,"column":8},"end":{"line":209,"column":40}},{"start":{"line":209,"column":8},"end":{"line":209,"column":40}}]},"19":{"loc":{"start":{"line":223,"column":20},"end":{"line":223,"column":30}},"type":"binary-expr","locations":[{"start":{"line":223,"column":20},"end":{"line":223,"column":30}},{"start":{"line":223,"column":34},"end":{"line":223,"column":35}}]},"20":{"loc":{"start":{"line":231,"column":20},"end":{"line":231,"column":30}},"type":"binary-expr","locations":[{"start":{"line":231,"column":20},"end":{"line":231,"column":30}},{"start":{"line":231,"column":34},"end":{"line":231,"column":35}}]},"21":{"loc":{"start":{"line":239,"column":20},"end":{"line":239,"column":30}},"type":"binary-expr","locations":[{"start":{"line":239,"column":20},"end":{"line":239,"column":30}},{"start":{"line":239,"column":34},"end":{"line":239,"column":35}}]},"22":{"loc":{"start":{"line":247,"column":20},"end":{"line":247,"column":30}},"type":"binary-expr","locations":[{"start":{"line":247,"column":20},"end":{"line":247,"column":30}},{"start":{"line":247,"column":34},"end":{"line":247,"column":35}}]},"23":{"loc":{"start":{"line":295,"column":18},"end":{"line":295,"column":25}},"type":"binary-expr","locations":[{"start":{"line":295,"column":18},"end":{"line":295,"column":25}},{"start":{"line":295,"column":29},"end":{"line":295,"column":30}}]},"24":{"loc":{"start":{"line":296,"column":18},"end":{"line":296,"column":25}},"type":"binary-expr","locations":[{"start":{"line":296,"column":18},"end":{"line":296,"column":25}},{"start":{"line":296,"column":29},"end":{"line":296,"column":30}}]},"25":{"loc":{"start":{"line":297,"column":25},"end":{"line":297,"column":38}},"type":"binary-expr","locations":[{"start":{"line":297,"column":25},"end":{"line":297,"column":38}},{"start":{"line":297,"column":42},"end":{"line":297,"column":55}}]},"26":{"loc":{"start":{"line":299,"column":8},"end":{"line":300,"column":46}},"type":"if","locations":[{"start":{"line":299,"column":8},"end":{"line":300,"column":46}},{"start":{"line":299,"column":8},"end":{"line":300,"column":46}}]},"27":{"loc":{"start":{"line":313,"column":8},"end":{"line":314,"column":48}},"type":"if","locations":[{"start":{"line":313,"column":8},"end":{"line":314,"column":48}},{"start":{"line":313,"column":8},"end":{"line":314,"column":48}}]},"28":{"loc":{"start":{"line":325,"column":8},"end":{"line":329,"column":null}},"type":"if","locations":[{"start":{"line":325,"column":8},"end":{"line":329,"column":null}},{"start":{"line":325,"column":8},"end":{"line":329,"column":null}}]},"29":{"loc":{"start":{"line":331,"column":8},"end":{"line":335,"column":null}},"type":"if","locations":[{"start":{"line":331,"column":8},"end":{"line":335,"column":null}},{"start":{"line":331,"column":8},"end":{"line":335,"column":null}}]}},"s":{"0":1,"1":1,"2":1,"3":1,"4":0,"5":1,"6":0,"7":0,"8":1,"9":0,"10":1,"11":0,"12":0,"13":0,"14":0,"15":0,"16":0,"17":0,"18":0,"19":0,"20":0,"21":0,"22":0,"23":0,"24":0,"25":0,"26":0,"27":0,"28":0,"29":0,"30":0,"31":0,"32":0,"33":0,"34":0,"35":0,"36":0,"37":0,"38":0,"39":0,"40":0,"41":0,"42":0,"43":0,"44":0,"45":0,"46":0,"47":0,"48":0,"49":0,"50":0,"51":0,"52":0,"53":0,"54":0,"55":0,"56":0,"57":0,"58":0,"59":0,"60":0,"61":0,"62":0,"63":0,"64":0,"65":0,"66":0,"67":0,"68":0,"69":0,"70":0,"71":0,"72":0,"73":0,"74":0,"75":0,"76":0,"77":0,"78":0,"79":0,"80":0,"81":0,"82":0,"83":0,"84":0,"85":0,"86":0,"87":0,"88":0,"89":0,"90":0,"91":0,"92":0,"93":0,"94":0,"95":0,"96":0,"97":0,"98":0,"99":0,"100":0,"101":0,"102":0,"103":0,"104":0,"105":0,"106":0,"107":0,"108":0,"109":0,"110":0,"111":0,"112":0,"113":0,"114":0,"115":0,"116":0,"117":0,"118":0,"119":0,"120":0,"121":0,"122":0,"123":0,"124":0,"125":0,"126":0,"127":0,"128":0,"129":0,"130":0,"131":0,"132":0,"133":0,"134":0,"135":0,"136":0,"137":0,"138":0,"139":0,"140":0,"141":0,"142":0,"143":0,"144":0,"145":0,"146":0,"147":0,"148":0,"149":0,"150":0,"151":0,"152":0,"153":0,"154":0,"155":0,"156":0,"157":0,"158":0,"159":0,"160":0,"161":0,"162":0,"163":0,"164":0,"165":0,"166":0,"167":0,"168":0,"169":0,"170":0,"171":0,"172":0,"173":0,"174":0,"175":0,"176":0,"177":0,"178":0,"179":0,"180":1},"f":{"0":1,"1":0,"2":1,"3":0,"4":0,"5":1,"6":0,"7":0,"8":0,"9":0,"10":0,"11":0,"12":0,"13":0,"14":0,"15":0,"16":0,"17":0,"18":0,"19":0,"20":0,"21":0,"22":0,"23":0,"24":0,"25":0,"26":0,"27":0,"28":0},"b":{"0":[0,1],"1":[0,0],"2":[0,0],"3":[0,0],"4":[0,0],"5":[0,0],"6":[0,0],"7":[0,0],"8":[0,0],"9":[0,0],"10":[0,0],"11":[0,0],"12":[0,0],"13":[0,0],"14":[0,0],"15":[0,0],"16":[0,0],"17":[0,0],"18":[0,0],"19":[0,0],"20":[0,0],"21":[0,0],"22":[0,0],"23":[0,0],"24":[0,0],"25":[0,0],"26":[0,0],"27":[0,0],"28":[0,0],"29":[0,0]}}
,"C:\\git\\repos\\wil\\typescript\\tslibrary\\src\\matrix\\matrix2d.ts": {"path":"C:\\git\\repos\\wil\\typescript\\tslibrary\\src\\matrix\\matrix2d.ts","statementMap":{"0":{"start":{"line":1,"column":0},"end":{"line":1,"column":60}},"1":{"start":{"line":3,"column":27},"end":{"line":3,"column":45}},"2":{"start":{"line":5,"column":40},"end":{"line":5,"column":66}},"3":{"start":{"line":6,"column":59},"end":{"line":6,"column":89}},"4":{"start":{"line":7,"column":28},"end":{"line":7,"column":63}},"5":{"start":{"line":11,"column":8},"end":{"line":11,"column":66}},"6":{"start":{"line":14,"column":35},"end":{"line":14,"column":57}},"7":{"start":{"line":15,"column":54},"end":{"line":15,"column":81}},"8":{"start":{"line":9,"column":0},"end":{"line":9,"column":13}},"9":{"start":{"line":18,"column":0},"end":{"line":18,"column":39}}},"fnMap":{"0":{"name":"createValues","decl":{"start":{"line":5,"column":9},"end":{"line":5,"column":21}},"loc":{"start":{"line":5,"column":21},"end":{"line":5,"column":68}}},"1":{"name":"getIdentity","decl":{"start":{"line":6,"column":9},"end":{"line":6,"column":20}},"loc":{"start":{"line":6,"column":41},"end":{"line":6,"column":91}}},"2":{"name":"createIdentity","decl":{"start":{"line":7,"column":9},"end":{"line":7,"column":23}},"loc":{"start":{"line":7,"column":23},"end":{"line":7,"column":65}}},"3":{"name":"(anonymous_3)","decl":{"start":{"line":10,"column":4},"end":{"line":10,"column":null}},"loc":{"start":{"line":10,"column":4},"end":{"line":12,"column":5}}},"4":{"name":"(anonymous_4)","decl":{"start":{"line":14,"column":4},"end":{"line":14,"column":16}},"loc":{"start":{"line":14,"column":16},"end":{"line":14,"column":59}}},"5":{"name":"(anonymous_5)","decl":{"start":{"line":15,"column":4},"end":{"line":15,"column":15}},"loc":{"start":{"line":15,"column":36},"end":{"line":15,"column":83}}}},"branchMap":{},"s":{"0":1,"1":1,"2":2,"3":2,"4":2,"5":1,"6":0,"7":0,"8":1,"9":1},"f":{"0":2,"1":2,"2":2,"3":1,"4":0,"5":0},"b":{}}
}
