{"C:\\git\\repos\\wil\\typescript\\tslibrary\\src\\matrix\\matrix.ts": {"path":"C:\\git\\repos\\wil\\typescript\\tslibrary\\src\\matrix\\matrix.ts","statementMap":{"0":{"start":{"line":2,"column":0},"end":{"line":2,"column":33}},"1":{"start":{"line":3,"column":0},"end":{"line":3,"column":36}},"2":{"start":{"line":5,"column":0},"end":{"line":5,"column":null}},"3":{"start":{"line":6,"column":4},"end":{"line":6,"column":null}},"4":{"start":{"line":7,"column":4},"end":{"line":7,"column":null}},"5":{"start":{"line":8,"column":4},"end":{"line":8,"column":null}},"6":{"start":{"line":9,"column":4},"end":{"line":9,"column":null}},"7":{"start":{"line":12,"column":0},"end":{"line":12,"column":null}},"8":{"start":{"line":13,"column":4},"end":{"line":13,"column":null}},"9":{"start":{"line":14,"column":4},"end":{"line":14,"column":null}},"10":{"start":{"line":18,"column":23},"end":{"line":18,"column":43}},"11":{"start":{"line":18,"column":52},"end":{"line":18,"column":73}},"12":{"start":{"line":21,"column":4},"end":{"line":21,"column":42}},"13":{"start":{"line":24,"column":8},"end":{"line":24,"column":84}},"14":{"start":{"line":27,"column":26},"end":{"line":27,"column":78}},"15":{"start":{"line":28,"column":31},"end":{"line":28,"column":79}},"16":{"start":{"line":29,"column":27},"end":{"line":29,"column":80}},"17":{"start":{"line":30,"column":32},"end":{"line":30,"column":81}},"18":{"start":{"line":31,"column":27},"end":{"line":31,"column":80}},"19":{"start":{"line":32,"column":32},"end":{"line":32,"column":81}},"20":{"start":{"line":34,"column":43},"end":{"line":34,"column":62}},"21":{"start":{"line":35,"column":45},"end":{"line":35,"column":65}},"22":{"start":{"line":38,"column":8},"end":{"line":41,"column":32}},"23":{"start":{"line":39,"column":12},"end":{"line":39,"column":31}},"24":{"start":{"line":41,"column":12},"end":{"line":41,"column":32}},"25":{"start":{"line":17,"column":0},"end":{"line":17,"column":13}},"26":{"start":{"line":46,"column":4},"end":{"line":54,"column":null}},"27":{"start":{"line":47,"column":8},"end":{"line":51,"column":null}},"28":{"start":{"line":48,"column":12},"end":{"line":48,"column":55}},"29":{"start":{"line":50,"column":12},"end":{"line":50,"column":52}},"30":{"start":{"line":50,"column":37},"end":{"line":50,"column":50}},"31":{"start":{"line":53,"column":8},"end":{"line":53,"column":27}},"32":{"start":{"line":56,"column":4},"end":{"line":56,"column":18}},"33":{"start":{"line":45,"column":0},"end":{"line":45,"column":16}},"34":{"start":{"line":61,"column":14},"end":{"line":61,"column":40}},"35":{"start":{"line":62,"column":14},"end":{"line":62,"column":44}},"36":{"start":{"line":63,"column":14},"end":{"line":63,"column":41}},"37":{"start":{"line":64,"column":14},"end":{"line":64,"column":39}},"38":{"start":{"line":65,"column":14},"end":{"line":65,"column":40}},"39":{"start":{"line":89,"column":12},"end":{"line":89,"column":49}},"40":{"start":{"line":68,"column":8},"end":{"line":68,"column":26}},"41":{"start":{"line":74,"column":8},"end":{"line":75,"column":32}},"42":{"start":{"line":75,"column":12},"end":{"line":75,"column":32}},"43":{"start":{"line":77,"column":8},"end":{"line":77,"column":33}},"44":{"start":{"line":81,"column":8},"end":{"line":82,"column":33}},"45":{"start":{"line":82,"column":12},"end":{"line":82,"column":33}},"46":{"start":{"line":84,"column":8},"end":{"line":84,"column":34}},"47":{"start":{"line":87,"column":27},"end":{"line":87,"column":60}},"48":{"start":{"line":90,"column":31},"end":{"line":90,"column":53}},"49":{"start":{"line":92,"column":8},"end":{"line":92,"column":45}},"50":{"start":{"line":92,"column":38},"end":{"line":92,"column":45}},"51":{"start":{"line":94,"column":8},"end":{"line":96,"column":null}},"52":{"start":{"line":95,"column":12},"end":{"line":95,"column":34}},"53":{"start":{"line":98,"column":8},"end":{"line":98,"column":31}},"54":{"start":{"line":103,"column":23},"end":{"line":103,"column":68}},"55":{"start":{"line":104,"column":52},"end":{"line":104,"column":85}},"56":{"start":{"line":105,"column":53},"end":{"line":105,"column":87}},"57":{"start":{"line":108,"column":8},"end":{"line":108,"column":38}},"58":{"start":{"line":109,"column":8},"end":{"line":109,"column":39}},"59":{"start":{"line":110,"column":8},"end":{"line":110,"column":41}},"60":{"start":{"line":111,"column":8},"end":{"line":111,"column":42}},"61":{"start":{"line":112,"column":8},"end":{"line":112,"column":41}},"62":{"start":{"line":113,"column":8},"end":{"line":113,"column":30}},"63":{"start":{"line":114,"column":8},"end":{"line":114,"column":39}},"64":{"start":{"line":115,"column":8},"end":{"line":115,"column":20}},"65":{"start":{"line":119,"column":8},"end":{"line":119,"column":78}},"66":{"start":{"line":120,"column":8},"end":{"line":120,"column":25}},"67":{"start":{"line":121,"column":8},"end":{"line":121,"column":29}},"68":{"start":{"line":122,"column":8},"end":{"line":122,"column":20}},"69":{"start":{"line":126,"column":8},"end":{"line":126,"column":34}},"70":{"start":{"line":127,"column":8},"end":{"line":127,"column":29}},"71":{"start":{"line":128,"column":8},"end":{"line":128,"column":41}},"72":{"start":{"line":129,"column":8},"end":{"line":129,"column":20}},"73":{"start":{"line":135,"column":50},"end":{"line":135,"column":103}},"74":{"start":{"line":142,"column":23},"end":{"line":142,"column":24}},"75":{"start":{"line":143,"column":23},"end":{"line":143,"column":24}},"76":{"start":{"line":144,"column":23},"end":{"line":144,"column":24}},"77":{"start":{"line":146,"column":8},"end":{"line":154,"column":null}},"78":{"start":{"line":147,"column":12},"end":{"line":147,"column":50}},"79":{"start":{"line":148,"column":12},"end":{"line":148,"column":50}},"80":{"start":{"line":149,"column":12},"end":{"line":149,"column":50}},"81":{"start":{"line":151,"column":12},"end":{"line":151,"column":48}},"82":{"start":{"line":152,"column":12},"end":{"line":152,"column":49}},"83":{"start":{"line":153,"column":12},"end":{"line":153,"column":53}},"84":{"start":{"line":156,"column":8},"end":{"line":156,"column":58}},"85":{"start":{"line":173,"column":24},"end":{"line":173,"column":49}},"86":{"start":{"line":175,"column":8},"end":{"line":175,"column":66}},"87":{"start":{"line":175,"column":36},"end":{"line":175,"column":66}},"88":{"start":{"line":176,"column":8},"end":{"line":176,"column":76}},"89":{"start":{"line":176,"column":38},"end":{"line":176,"column":76}},"90":{"start":{"line":178,"column":8},"end":{"line":178,"column":57}},"91":{"start":{"line":187,"column":23},"end":{"line":187,"column":24}},"92":{"start":{"line":188,"column":23},"end":{"line":188,"column":24}},"93":{"start":{"line":189,"column":23},"end":{"line":189,"column":24}},"94":{"start":{"line":191,"column":8},"end":{"line":199,"column":null}},"95":{"start":{"line":192,"column":12},"end":{"line":192,"column":50}},"96":{"start":{"line":193,"column":12},"end":{"line":193,"column":50}},"97":{"start":{"line":194,"column":12},"end":{"line":194,"column":50}},"98":{"start":{"line":196,"column":12},"end":{"line":196,"column":48}},"99":{"start":{"line":197,"column":12},"end":{"line":197,"column":49}},"100":{"start":{"line":198,"column":12},"end":{"line":198,"column":53}},"101":{"start":{"line":201,"column":8},"end":{"line":201,"column":55}},"102":{"start":{"line":205,"column":36},"end":{"line":205,"column":81}},"103":{"start":{"line":207,"column":36},"end":{"line":207,"column":81}},"104":{"start":{"line":209,"column":35},"end":{"line":209,"column":47}},"105":{"start":{"line":210,"column":36},"end":{"line":210,"column":81}},"106":{"start":{"line":222,"column":24},"end":{"line":222,"column":36}},"107":{"start":{"line":224,"column":8},"end":{"line":224,"column":54}},"108":{"start":{"line":224,"column":34},"end":{"line":224,"column":54}},"109":{"start":{"line":226,"column":8},"end":{"line":226,"column":46}},"110":{"start":{"line":232,"column":8},"end":{"line":233,"column":29}},"111":{"start":{"line":233,"column":12},"end":{"line":233,"column":29}},"112":{"start":{"line":235,"column":8},"end":{"line":236,"column":32}},"113":{"start":{"line":236,"column":12},"end":{"line":236,"column":32}},"114":{"start":{"line":238,"column":8},"end":{"line":239,"column":33}},"115":{"start":{"line":239,"column":12},"end":{"line":239,"column":33}},"116":{"start":{"line":241,"column":8},"end":{"line":241,"column":43}},"117":{"start":{"line":242,"column":8},"end":{"line":242,"column":20}},"118":{"start":{"line":246,"column":21},"end":{"line":246,"column":38}},"119":{"start":{"line":248,"column":8},"end":{"line":249,"column":47}},"120":{"start":{"line":249,"column":12},"end":{"line":249,"column":47}},"121":{"start":{"line":251,"column":8},"end":{"line":251,"column":26}},"122":{"start":{"line":252,"column":8},"end":{"line":252,"column":20}},"123":{"start":{"line":256,"column":8},"end":{"line":256,"column":20}},"124":{"start":{"line":257,"column":8},"end":{"line":257,"column":29}},"125":{"start":{"line":261,"column":8},"end":{"line":261,"column":20}},"126":{"start":{"line":262,"column":8},"end":{"line":262,"column":25}},"127":{"start":{"line":266,"column":8},"end":{"line":266,"column":20}},"128":{"start":{"line":267,"column":8},"end":{"line":267,"column":26}},"129":{"start":{"line":271,"column":8},"end":{"line":271,"column":25}},"130":{"start":{"line":272,"column":8},"end":{"line":272,"column":20}},"131":{"start":{"line":276,"column":8},"end":{"line":276,"column":26}},"132":{"start":{"line":277,"column":8},"end":{"line":277,"column":20}},"133":{"start":{"line":281,"column":8},"end":{"line":281,"column":33}},"134":{"start":{"line":282,"column":8},"end":{"line":282,"column":29}},"135":{"start":{"line":283,"column":8},"end":{"line":283,"column":28}},"136":{"start":{"line":284,"column":8},"end":{"line":284,"column":30}},"137":{"start":{"line":288,"column":8},"end":{"line":288,"column":41}},"138":{"start":{"line":289,"column":8},"end":{"line":289,"column":41}},"139":{"start":{"line":290,"column":8},"end":{"line":290,"column":42}},"140":{"start":{"line":299,"column":8},"end":{"line":299,"column":41}},"141":{"start":{"line":301,"column":8},"end":{"line":315,"column":null}},"142":{"start":{"line":302,"column":12},"end":{"line":302,"column":42}},"143":{"start":{"line":304,"column":12},"end":{"line":305,"column":62}},"144":{"start":{"line":305,"column":16},"end":{"line":305,"column":62}},"145":{"start":{"line":307,"column":12},"end":{"line":308,"column":52}},"146":{"start":{"line":308,"column":16},"end":{"line":308,"column":52}},"147":{"start":{"line":310,"column":12},"end":{"line":311,"column":50}},"148":{"start":{"line":311,"column":16},"end":{"line":311,"column":50}},"149":{"start":{"line":313,"column":12},"end":{"line":314,"column":56}},"150":{"start":{"line":314,"column":16},"end":{"line":314,"column":56}},"151":{"start":{"line":317,"column":8},"end":{"line":317,"column":29}},"152":{"start":{"line":321,"column":8},"end":{"line":321,"column":42}},"153":{"start":{"line":322,"column":8},"end":{"line":322,"column":89}},"154":{"start":{"line":326,"column":23},"end":{"line":326,"column":79}},"155":{"start":{"line":327,"column":8},"end":{"line":327,"column":38}},"156":{"start":{"line":328,"column":8},"end":{"line":328,"column":40}},"157":{"start":{"line":329,"column":8},"end":{"line":329,"column":40}},"158":{"start":{"line":330,"column":8},"end":{"line":330,"column":22}},"159":{"start":{"line":59,"column":0},"end":{"line":59,"column":22}}},"fnMap":{"0":{"name":"(anonymous_0)","decl":{"start":{"line":5,"column":0},"end":{"line":5,"column":18}},"loc":{"start":{"line":5,"column":29},"end":{"line":10,"column":1}}},"1":{"name":"(anonymous_1)","decl":{"start":{"line":12,"column":0},"end":{"line":12,"column":18}},"loc":{"start":{"line":12,"column":26},"end":{"line":15,"column":1}}},"2":{"name":"(anonymous_2)","decl":{"start":{"line":18,"column":4},"end":{"line":18,"column":23}},"loc":{"start":{"line":18,"column":73},"end":{"line":19,"column":5}}},"3":{"name":"(anonymous_3)","decl":{"start":{"line":23,"column":4},"end":{"line":23,"column":11}},"loc":{"start":{"line":23,"column":30},"end":{"line":25,"column":5}}},"4":{"name":"(anonymous_4)","decl":{"start":{"line":27,"column":4},"end":{"line":27,"column":8}},"loc":{"start":{"line":27,"column":21},"end":{"line":27,"column":80}}},"5":{"name":"(anonymous_5)","decl":{"start":{"line":28,"column":4},"end":{"line":28,"column":8}},"loc":{"start":{"line":28,"column":27},"end":{"line":28,"column":81}}},"6":{"name":"(anonymous_6)","decl":{"start":{"line":29,"column":4},"end":{"line":29,"column":8}},"loc":{"start":{"line":29,"column":22},"end":{"line":29,"column":82}}},"7":{"name":"(anonymous_7)","decl":{"start":{"line":30,"column":4},"end":{"line":30,"column":8}},"loc":{"start":{"line":30,"column":28},"end":{"line":30,"column":83}}},"8":{"name":"(anonymous_8)","decl":{"start":{"line":31,"column":4},"end":{"line":31,"column":8}},"loc":{"start":{"line":31,"column":22},"end":{"line":31,"column":82}}},"9":{"name":"(anonymous_9)","decl":{"start":{"line":32,"column":4},"end":{"line":32,"column":8}},"loc":{"start":{"line":32,"column":28},"end":{"line":32,"column":83}}},"10":{"name":"(anonymous_10)","decl":{"start":{"line":34,"column":14},"end":{"line":34,"column":21}},"loc":{"start":{"line":34,"column":39},"end":{"line":34,"column":64}}},"11":{"name":"(anonymous_11)","decl":{"start":{"line":35,"column":14},"end":{"line":35,"column":23}},"loc":{"start":{"line":35,"column":41},"end":{"line":35,"column":67}}},"12":{"name":"(anonymous_12)","decl":{"start":{"line":37,"column":14},"end":{"line":37,"column":24}},"loc":{"start":{"line":37,"column":58},"end":{"line":42,"column":5}}},"13":{"name":"copy","decl":{"start":{"line":45,"column":16},"end":{"line":45,"column":20}},"loc":{"start":{"line":45,"column":63},"end":{"line":57,"column":1}}},"14":{"name":"(anonymous_14)","decl":{"start":{"line":50,"column":27},"end":{"line":50,"column":28}},"loc":{"start":{"line":50,"column":37},"end":{"line":50,"column":50}}},"15":{"name":"(anonymous_15)","decl":{"start":{"line":67,"column":4},"end":{"line":67,"column":16}},"loc":{"start":{"line":67,"column":32},"end":{"line":69,"column":5}}},"16":{"name":"(anonymous_16)","decl":{"start":{"line":73,"column":4},"end":{"line":73,"column":8}},"loc":{"start":{"line":73,"column":14},"end":{"line":78,"column":5}}},"17":{"name":"(anonymous_17)","decl":{"start":{"line":80,"column":4},"end":{"line":80,"column":8}},"loc":{"start":{"line":80,"column":15},"end":{"line":85,"column":5}}},"18":{"name":"(anonymous_18)","decl":{"start":{"line":87,"column":4},"end":{"line":87,"column":8}},"loc":{"start":{"line":87,"column":22},"end":{"line":87,"column":62}}},"19":{"name":"(anonymous_19)","decl":{"start":{"line":90,"column":4},"end":{"line":90,"column":18}},"loc":{"start":{"line":90,"column":26},"end":{"line":90,"column":55}}},"20":{"name":"(anonymous_20)","decl":{"start":{"line":91,"column":4},"end":{"line":91,"column":18}},"loc":{"start":{"line":91,"column":32},"end":{"line":99,"column":5}}},"21":{"name":"(anonymous_21)","decl":{"start":{"line":103,"column":4},"end":{"line":103,"column":18}},"loc":{"start":{"line":103,"column":18},"end":{"line":103,"column":70}}},"22":{"name":"(anonymous_22)","decl":{"start":{"line":104,"column":4},"end":{"line":104,"column":13}},"loc":{"start":{"line":104,"column":34},"end":{"line":104,"column":87}}},"23":{"name":"(anonymous_23)","decl":{"start":{"line":105,"column":4},"end":{"line":105,"column":14}},"loc":{"start":{"line":105,"column":35},"end":{"line":105,"column":89}}},"24":{"name":"(anonymous_24)","decl":{"start":{"line":107,"column":4},"end":{"line":107,"column":17}},"loc":{"start":{"line":107,"column":17},"end":{"line":116,"column":5}}},"25":{"name":"(anonymous_25)","decl":{"start":{"line":118,"column":4},"end":{"line":118,"column":9}},"loc":{"start":{"line":118,"column":9},"end":{"line":123,"column":5}}},"26":{"name":"(anonymous_26)","decl":{"start":{"line":125,"column":4},"end":{"line":125,"column":7}},"loc":{"start":{"line":125,"column":28},"end":{"line":130,"column":5}}},"27":{"name":"(anonymous_27)","decl":{"start":{"line":135,"column":4},"end":{"line":135,"column":24}},"loc":{"start":{"line":135,"column":40},"end":{"line":135,"column":105}}},"28":{"name":"(anonymous_28)","decl":{"start":{"line":141,"column":4},"end":{"line":141,"column":18}},"loc":{"start":{"line":141,"column":76},"end":{"line":157,"column":5}}},"29":{"name":"(anonymous_29)","decl":{"start":{"line":172,"column":4},"end":{"line":172,"column":19}},"loc":{"start":{"line":172,"column":79},"end":{"line":179,"column":5}}},"30":{"name":"(anonymous_30)","decl":{"start":{"line":186,"column":4},"end":{"line":186,"column":15}},"loc":{"start":{"line":186,"column":73},"end":{"line":202,"column":5}}},"31":{"name":"(anonymous_31)","decl":{"start":{"line":205,"column":4},"end":{"line":205,"column":16}},"loc":{"start":{"line":205,"column":32},"end":{"line":205,"column":83}}},"32":{"name":"(anonymous_32)","decl":{"start":{"line":207,"column":4},"end":{"line":207,"column":16}},"loc":{"start":{"line":207,"column":32},"end":{"line":207,"column":83}}},"33":{"name":"(anonymous_33)","decl":{"start":{"line":209,"column":4},"end":{"line":209,"column":9}},"loc":{"start":{"line":209,"column":25},"end":{"line":209,"column":49}}},"34":{"name":"(anonymous_34)","decl":{"start":{"line":210,"column":4},"end":{"line":210,"column":16}},"loc":{"start":{"line":210,"column":32},"end":{"line":210,"column":83}}},"35":{"name":"(anonymous_35)","decl":{"start":{"line":221,"column":4},"end":{"line":221,"column":20}},"loc":{"start":{"line":221,"column":34},"end":{"line":227,"column":5}}},"36":{"name":"(anonymous_36)","decl":{"start":{"line":231,"column":4},"end":{"line":231,"column":8}},"loc":{"start":{"line":231,"column":30},"end":{"line":243,"column":5}}},"37":{"name":"(anonymous_37)","decl":{"start":{"line":245,"column":4},"end":{"line":245,"column":7}},"loc":{"start":{"line":245,"column":7},"end":{"line":253,"column":5}}},"38":{"name":"(anonymous_38)","decl":{"start":{"line":255,"column":4},"end":{"line":255,"column":20}},"loc":{"start":{"line":255,"column":20},"end":{"line":258,"column":5}}},"39":{"name":"(anonymous_39)","decl":{"start":{"line":260,"column":4},"end":{"line":260,"column":15}},"loc":{"start":{"line":260,"column":36},"end":{"line":263,"column":5}}},"40":{"name":"(anonymous_40)","decl":{"start":{"line":265,"column":4},"end":{"line":265,"column":16}},"loc":{"start":{"line":265,"column":37},"end":{"line":268,"column":5}}},"41":{"name":"(anonymous_41)","decl":{"start":{"line":270,"column":4},"end":{"line":270,"column":15}},"loc":{"start":{"line":270,"column":36},"end":{"line":273,"column":5}}},"42":{"name":"(anonymous_42)","decl":{"start":{"line":275,"column":4},"end":{"line":275,"column":16}},"loc":{"start":{"line":275,"column":37},"end":{"line":278,"column":5}}},"43":{"name":"(anonymous_43)","decl":{"start":{"line":280,"column":14},"end":{"line":280,"column":28}},"loc":{"start":{"line":280,"column":28},"end":{"line":285,"column":5}}},"44":{"name":"(anonymous_44)","decl":{"start":{"line":287,"column":14},"end":{"line":287,"column":27}},"loc":{"start":{"line":287,"column":27},"end":{"line":291,"column":5}}},"45":{"name":"(anonymous_45)","decl":{"start":{"line":298,"column":14},"end":{"line":298,"column":26}},"loc":{"start":{"line":298,"column":26},"end":{"line":318,"column":5}}},"46":{"name":"(anonymous_46)","decl":{"start":{"line":320,"column":14},"end":{"line":320,"column":27}},"loc":{"start":{"line":320,"column":27},"end":{"line":323,"column":5}}},"47":{"name":"(anonymous_47)","decl":{"start":{"line":325,"column":14},"end":{"line":325,"column":23}},"loc":{"start":{"line":325,"column":23},"end":{"line":331,"column":5}}}},"branchMap":{"0":{"loc":{"start":{"line":5,"column":18},"end":{"line":5,"column":29}},"type":"binary-expr","locations":[{"start":{"line":5,"column":18},"end":{"line":5,"column":29}},{"start":{"line":5,"column":18},"end":{"line":5,"column":null}}]},"1":{"loc":{"start":{"line":12,"column":18},"end":{"line":12,"column":26}},"type":"binary-expr","locations":[{"start":{"line":12,"column":18},"end":{"line":12,"column":26}},{"start":{"line":12,"column":18},"end":{"line":12,"column":null}}]},"2":{"loc":{"start":{"line":38,"column":8},"end":{"line":41,"column":32}},"type":"if","locations":[{"start":{"line":38,"column":8},"end":{"line":41,"column":32}},{"start":{"line":38,"column":8},"end":{"line":41,"column":32}}]},"3":{"loc":{"start":{"line":46,"column":4},"end":{"line":54,"column":null}},"type":"if","locations":[{"start":{"line":46,"column":4},"end":{"line":54,"column":null}},{"start":{"line":46,"column":4},"end":{"line":54,"column":null}}]},"4":{"loc":{"start":{"line":47,"column":8},"end":{"line":51,"column":null}},"type":"if","locations":[{"start":{"line":47,"column":8},"end":{"line":51,"column":null}},{"start":{"line":47,"column":8},"end":{"line":51,"column":null}}]},"5":{"loc":{"start":{"line":74,"column":8},"end":{"line":75,"column":32}},"type":"if","locations":[{"start":{"line":74,"column":8},"end":{"line":75,"column":32}},{"start":{"line":74,"column":8},"end":{"line":75,"column":32}}]},"6":{"loc":{"start":{"line":81,"column":8},"end":{"line":82,"column":33}},"type":"if","locations":[{"start":{"line":81,"column":8},"end":{"line":82,"column":33}},{"start":{"line":81,"column":8},"end":{"line":82,"column":33}}]},"7":{"loc":{"start":{"line":92,"column":8},"end":{"line":92,"column":45}},"type":"if","locations":[{"start":{"line":92,"column":8},"end":{"line":92,"column":45}},{"start":{"line":92,"column":8},"end":{"line":92,"column":45}}]},"8":{"loc":{"start":{"line":94,"column":8},"end":{"line":96,"column":null}},"type":"if","locations":[{"start":{"line":94,"column":8},"end":{"line":96,"column":null}},{"start":{"line":94,"column":8},"end":{"line":96,"column":null}}]},"9":{"loc":{"start":{"line":146,"column":8},"end":{"line":154,"column":null}},"type":"if","locations":[{"start":{"line":146,"column":8},"end":{"line":154,"column":null}},{"start":{"line":146,"column":8},"end":{"line":154,"column":null}}]},"10":{"loc":{"start":{"line":153,"column":40},"end":{"line":153,"column":46}},"type":"binary-expr","locations":[{"start":{"line":153,"column":40},"end":{"line":153,"column":46}},{"start":{"line":153,"column":50},"end":{"line":153,"column":51}}]},"11":{"loc":{"start":{"line":175,"column":8},"end":{"line":175,"column":66}},"type":"if","locations":[{"start":{"line":175,"column":8},"end":{"line":175,"column":66}},{"start":{"line":175,"column":8},"end":{"line":175,"column":66}}]},"12":{"loc":{"start":{"line":176,"column":8},"end":{"line":176,"column":76}},"type":"if","locations":[{"start":{"line":176,"column":8},"end":{"line":176,"column":76}},{"start":{"line":176,"column":8},"end":{"line":176,"column":76}}]},"13":{"loc":{"start":{"line":191,"column":8},"end":{"line":199,"column":null}},"type":"if","locations":[{"start":{"line":191,"column":8},"end":{"line":199,"column":null}},{"start":{"line":191,"column":8},"end":{"line":199,"column":null}}]},"14":{"loc":{"start":{"line":198,"column":40},"end":{"line":198,"column":46}},"type":"binary-expr","locations":[{"start":{"line":198,"column":40},"end":{"line":198,"column":46}},{"start":{"line":198,"column":50},"end":{"line":198,"column":51}}]},"15":{"loc":{"start":{"line":224,"column":8},"end":{"line":224,"column":54}},"type":"if","locations":[{"start":{"line":224,"column":8},"end":{"line":224,"column":54}},{"start":{"line":224,"column":8},"end":{"line":224,"column":54}}]},"16":{"loc":{"start":{"line":232,"column":8},"end":{"line":233,"column":29}},"type":"if","locations":[{"start":{"line":232,"column":8},"end":{"line":233,"column":29}},{"start":{"line":232,"column":8},"end":{"line":233,"column":29}}]},"17":{"loc":{"start":{"line":235,"column":8},"end":{"line":236,"column":32}},"type":"if","locations":[{"start":{"line":235,"column":8},"end":{"line":236,"column":32}},{"start":{"line":235,"column":8},"end":{"line":236,"column":32}}]},"18":{"loc":{"start":{"line":238,"column":8},"end":{"line":239,"column":33}},"type":"if","locations":[{"start":{"line":238,"column":8},"end":{"line":239,"column":33}},{"start":{"line":238,"column":8},"end":{"line":239,"column":33}}]},"19":{"loc":{"start":{"line":248,"column":8},"end":{"line":249,"column":47}},"type":"if","locations":[{"start":{"line":248,"column":8},"end":{"line":249,"column":47}},{"start":{"line":248,"column":8},"end":{"line":249,"column":47}}]},"20":{"loc":{"start":{"line":301,"column":8},"end":{"line":315,"column":null}},"type":"if","locations":[{"start":{"line":301,"column":8},"end":{"line":315,"column":null}},{"start":{"line":301,"column":8},"end":{"line":315,"column":null}}]},"21":{"loc":{"start":{"line":304,"column":12},"end":{"line":305,"column":62}},"type":"if","locations":[{"start":{"line":304,"column":12},"end":{"line":305,"column":62}},{"start":{"line":304,"column":12},"end":{"line":305,"column":62}}]},"22":{"loc":{"start":{"line":307,"column":12},"end":{"line":308,"column":52}},"type":"if","locations":[{"start":{"line":307,"column":12},"end":{"line":308,"column":52}},{"start":{"line":307,"column":12},"end":{"line":308,"column":52}}]},"23":{"loc":{"start":{"line":310,"column":12},"end":{"line":311,"column":50}},"type":"if","locations":[{"start":{"line":310,"column":12},"end":{"line":311,"column":50}},{"start":{"line":310,"column":12},"end":{"line":311,"column":50}}]},"24":{"loc":{"start":{"line":313,"column":12},"end":{"line":314,"column":56}},"type":"if","locations":[{"start":{"line":313,"column":12},"end":{"line":314,"column":56}},{"start":{"line":313,"column":12},"end":{"line":314,"column":56}}]}},"s":{"0":1,"1":1,"2":1,"3":1,"4":1,"5":1,"6":1,"7":1,"8":1,"9":1,"10":15,"11":15,"12":15,"13":0,"14":52,"15":58,"16":13,"17":37,"18":0,"19":37,"20":0,"21":0,"22":132,"23":48,"24":84,"25":1,"26":47,"27":47,"28":47,"29":0,"30":0,"31":0,"32":47,"33":1,"34":4,"35":4,"36":4,"37":4,"38":4,"39":4,"40":4,"41":52,"42":11,"43":52,"44":13,"45":1,"46":13,"47":0,"48":0,"49":25,"50":21,"51":4,"52":2,"53":4,"54":0,"55":0,"56":0,"57":12,"58":12,"59":12,"60":12,"61":12,"62":12,"63":12,"64":12,"65":11,"66":11,"67":11,"68":11,"69":2,"70":2,"71":2,"72":2,"73":1,"74":2,"75":2,"76":2,"77":2,"78":1,"79":1,"80":1,"81":1,"82":1,"83":1,"84":2,"85":0,"86":0,"87":0,"88":0,"89":0,"90":0,"91":0,"92":0,"93":0,"94":0,"95":0,"96":0,"97":0,"98":0,"99":0,"100":0,"101":0,"102":0,"103":0,"104":0,"105":0,"106":0,"107":0,"108":0,"109":0,"110":0,"111":0,"112":0,"113":0,"114":0,"115":0,"116":0,"117":0,"118":0,"119":0,"120":0,"121":0,"122":0,"123":0,"124":0,"125":0,"126":0,"127":0,"128":0,"129":0,"130":0,"131":0,"132":0,"133":14,"134":14,"135":14,"136":14,"137":24,"138":24,"139":24,"140":11,"141":11,"142":11,"143":11,"144":2,"145":11,"146":3,"147":11,"148":4,"149":11,"150":2,"151":11,"152":1,"153":1,"154":0,"155":0,"156":0,"157":0,"158":0,"159":1},"f":{"0":1,"1":1,"2":15,"3":0,"4":52,"5":58,"6":13,"7":37,"8":0,"9":37,"10":0,"11":0,"12":132,"13":47,"14":0,"15":4,"16":52,"17":13,"18":0,"19":0,"20":25,"21":0,"22":0,"23":0,"24":12,"25":11,"26":2,"27":1,"28":2,"29":0,"30":0,"31":0,"32":0,"33":0,"34":0,"35":0,"36":0,"37":0,"38":0,"39":0,"40":0,"41":0,"42":0,"43":14,"44":24,"45":11,"46":1,"47":0},"b":{"0":[1,1],"1":[1,1],"2":[48,84],"3":[47,0],"4":[47,0],"5":[11,41],"6":[1,12],"7":[21,4],"8":[2,2],"9":[1,1],"10":[1,1],"11":[0,0],"12":[0,0],"13":[0,0],"14":[0,0],"15":[0,0],"16":[0,0],"17":[0,0],"18":[0,0],"19":[0,0],"20":[11,0],"21":[2,9],"22":[3,8],"23":[4,7],"24":[2,9]}}
,"C:\\git\\repos\\wil\\typescript\\tslibrary\\src\\matrix\\matrix2.ts": {"path":"C:\\git\\repos\\wil\\typescript\\tslibrary\\src\\matrix\\matrix2.ts","statementMap":{"0":{"start":{"line":1,"column":0},"end":{"line":1,"column":63}},"1":{"start":{"line":2,"column":0},"end":{"line":2,"column":46}},"2":{"start":{"line":12,"column":8},"end":{"line":12,"column":20}},"3":{"start":{"line":14,"column":8},"end":{"line":14,"column":41}},"4":{"start":{"line":18,"column":39},"end":{"line":18,"column":72}},"5":{"start":{"line":19,"column":64},"end":{"line":19,"column":98}},"6":{"start":{"line":22,"column":28},"end":{"line":22,"column":86}},"7":{"start":{"line":23,"column":42},"end":{"line":23,"column":65}},"8":{"start":{"line":25,"column":32},"end":{"line":25,"column":41}},"9":{"start":{"line":26,"column":25},"end":{"line":26,"column":34}},"10":{"start":{"line":29,"column":8},"end":{"line":30,"column":86}},"11":{"start":{"line":30,"column":12},"end":{"line":30,"column":86}},"12":{"start":{"line":32,"column":8},"end":{"line":32,"column":47}},"13":{"start":{"line":39,"column":8},"end":{"line":39,"column":39}},"14":{"start":{"line":40,"column":8},"end":{"line":40,"column":40}},"15":{"start":{"line":41,"column":17},"end":{"line":41,"column":18}},"16":{"start":{"line":43,"column":8},"end":{"line":49,"column":null}},"17":{"start":{"line":44,"column":12},"end":{"line":44,"column":26}},"18":{"start":{"line":45,"column":12},"end":{"line":45,"column":26}},"19":{"start":{"line":47,"column":12},"end":{"line":47,"column":24}},"20":{"start":{"line":48,"column":12},"end":{"line":48,"column":25}},"21":{"start":{"line":51,"column":8},"end":{"line":51,"column":36}},"22":{"start":{"line":52,"column":8},"end":{"line":52,"column":36}},"23":{"start":{"line":53,"column":8},"end":{"line":53,"column":20}},"24":{"start":{"line":57,"column":8},"end":{"line":57,"column":39}},"25":{"start":{"line":58,"column":8},"end":{"line":58,"column":40}},"26":{"start":{"line":59,"column":8},"end":{"line":59,"column":38}},"27":{"start":{"line":60,"column":8},"end":{"line":60,"column":32}},"28":{"start":{"line":61,"column":8},"end":{"line":61,"column":32}},"29":{"start":{"line":62,"column":8},"end":{"line":62,"column":20}},"30":{"start":{"line":69,"column":8},"end":{"line":69,"column":39}},"31":{"start":{"line":70,"column":8},"end":{"line":70,"column":40}},"32":{"start":{"line":71,"column":23},"end":{"line":71,"column":24}},"33":{"start":{"line":73,"column":8},"end":{"line":79,"column":null}},"34":{"start":{"line":74,"column":12},"end":{"line":74,"column":32}},"35":{"start":{"line":75,"column":12},"end":{"line":75,"column":32}},"36":{"start":{"line":77,"column":12},"end":{"line":77,"column":30}},"37":{"start":{"line":78,"column":12},"end":{"line":78,"column":37}},"38":{"start":{"line":81,"column":8},"end":{"line":81,"column":37}},"39":{"start":{"line":82,"column":8},"end":{"line":82,"column":37}},"40":{"start":{"line":83,"column":8},"end":{"line":83,"column":20}},"41":{"start":{"line":91,"column":8},"end":{"line":91,"column":39}},"42":{"start":{"line":92,"column":8},"end":{"line":92,"column":40}},"43":{"start":{"line":93,"column":17},"end":{"line":93,"column":18}},"44":{"start":{"line":95,"column":8},"end":{"line":104,"column":null}},"45":{"start":{"line":96,"column":12},"end":{"line":96,"column":26}},"46":{"start":{"line":97,"column":12},"end":{"line":97,"column":26}},"47":{"start":{"line":98,"column":15},"end":{"line":104,"column":null}},"48":{"start":{"line":99,"column":12},"end":{"line":99,"column":24}},"49":{"start":{"line":100,"column":12},"end":{"line":100,"column":24}},"50":{"start":{"line":102,"column":12},"end":{"line":102,"column":24}},"51":{"start":{"line":103,"column":12},"end":{"line":103,"column":25}},"52":{"start":{"line":106,"column":8},"end":{"line":106,"column":32}},"53":{"start":{"line":107,"column":8},"end":{"line":107,"column":32}},"54":{"start":{"line":108,"column":8},"end":{"line":108,"column":20}},"55":{"start":{"line":115,"column":8},"end":{"line":115,"column":41}},"56":{"start":{"line":116,"column":17},"end":{"line":116,"column":18}},"57":{"start":{"line":118,"column":8},"end":{"line":124,"column":null}},"58":{"start":{"line":119,"column":12},"end":{"line":119,"column":26}},"59":{"start":{"line":120,"column":12},"end":{"line":120,"column":26}},"60":{"start":{"line":122,"column":12},"end":{"line":122,"column":24}},"61":{"start":{"line":123,"column":12},"end":{"line":123,"column":25}},"62":{"start":{"line":126,"column":8},"end":{"line":126,"column":39}},"63":{"start":{"line":133,"column":8},"end":{"line":133,"column":41}},"64":{"start":{"line":136,"column":8},"end":{"line":141,"column":null}},"65":{"start":{"line":137,"column":12},"end":{"line":137,"column":31}},"66":{"start":{"line":138,"column":12},"end":{"line":138,"column":31}},"67":{"start":{"line":140,"column":12},"end":{"line":140,"column":29}},"68":{"start":{"line":143,"column":8},"end":{"line":143,"column":57}},"69":{"start":{"line":150,"column":8},"end":{"line":150,"column":41}},"70":{"start":{"line":151,"column":23},"end":{"line":151,"column":24}},"71":{"start":{"line":153,"column":8},"end":{"line":159,"column":null}},"72":{"start":{"line":154,"column":12},"end":{"line":154,"column":32}},"73":{"start":{"line":155,"column":12},"end":{"line":155,"column":32}},"74":{"start":{"line":157,"column":12},"end":{"line":157,"column":30}},"75":{"start":{"line":158,"column":12},"end":{"line":158,"column":37}},"76":{"start":{"line":161,"column":8},"end":{"line":161,"column":46}},"77":{"start":{"line":164,"column":35},"end":{"line":164,"column":65}},"78":{"start":{"line":165,"column":35},"end":{"line":165,"column":65}},"79":{"start":{"line":172,"column":8},"end":{"line":172,"column":41}},"80":{"start":{"line":173,"column":17},"end":{"line":173,"column":18}},"81":{"start":{"line":175,"column":8},"end":{"line":184,"column":null}},"82":{"start":{"line":176,"column":12},"end":{"line":176,"column":26}},"83":{"start":{"line":177,"column":12},"end":{"line":177,"column":26}},"84":{"start":{"line":178,"column":15},"end":{"line":184,"column":null}},"85":{"start":{"line":179,"column":12},"end":{"line":179,"column":24}},"86":{"start":{"line":180,"column":12},"end":{"line":180,"column":24}},"87":{"start":{"line":182,"column":12},"end":{"line":182,"column":24}},"88":{"start":{"line":183,"column":12},"end":{"line":183,"column":25}},"89":{"start":{"line":186,"column":8},"end":{"line":186,"column":35}},"90":{"start":{"line":192,"column":8},"end":{"line":196,"column":null}},"91":{"start":{"line":193,"column":12},"end":{"line":193,"column":45}},"92":{"start":{"line":194,"column":12},"end":{"line":194,"column":44}},"93":{"start":{"line":195,"column":12},"end":{"line":195,"column":24}},"94":{"start":{"line":198,"column":8},"end":{"line":198,"column":36}},"95":{"start":{"line":199,"column":8},"end":{"line":199,"column":22}},"96":{"start":{"line":203,"column":8},"end":{"line":203,"column":39}},"97":{"start":{"line":205,"column":8},"end":{"line":207,"column":77}},"98":{"start":{"line":211,"column":18},"end":{"line":211,"column":63}},"99":{"start":{"line":213,"column":8},"end":{"line":213,"column":40}},"100":{"start":{"line":213,"column":23},"end":{"line":213,"column":40}},"101":{"start":{"line":215,"column":8},"end":{"line":215,"column":22}},"102":{"start":{"line":216,"column":8},"end":{"line":216,"column":36}},"103":{"start":{"line":217,"column":8},"end":{"line":217,"column":37}},"104":{"start":{"line":218,"column":8},"end":{"line":218,"column":37}},"105":{"start":{"line":219,"column":8},"end":{"line":219,"column":36}},"106":{"start":{"line":220,"column":8},"end":{"line":220,"column":74}},"107":{"start":{"line":221,"column":8},"end":{"line":221,"column":74}},"108":{"start":{"line":223,"column":8},"end":{"line":223,"column":22}},"109":{"start":{"line":227,"column":20},"end":{"line":227,"column":35}},"110":{"start":{"line":228,"column":19},"end":{"line":228,"column":32}},"111":{"start":{"line":229,"column":19},"end":{"line":229,"column":32}},"112":{"start":{"line":230,"column":8},"end":{"line":230,"column":32}},"113":{"start":{"line":231,"column":8},"end":{"line":231,"column":21}},"114":{"start":{"line":235,"column":20},"end":{"line":235,"column":35}},"115":{"start":{"line":236,"column":19},"end":{"line":236,"column":32}},"116":{"start":{"line":237,"column":19},"end":{"line":237,"column":32}},"117":{"start":{"line":238,"column":8},"end":{"line":238,"column":28}},"118":{"start":{"line":239,"column":8},"end":{"line":239,"column":17}},"119":{"start":{"line":243,"column":20},"end":{"line":243,"column":35}},"120":{"start":{"line":244,"column":19},"end":{"line":244,"column":32}},"121":{"start":{"line":245,"column":19},"end":{"line":245,"column":32}},"122":{"start":{"line":246,"column":8},"end":{"line":246,"column":27}},"123":{"start":{"line":247,"column":8},"end":{"line":247,"column":17}},"124":{"start":{"line":251,"column":20},"end":{"line":251,"column":35}},"125":{"start":{"line":252,"column":24},"end":{"line":252,"column":37}},"126":{"start":{"line":253,"column":19},"end":{"line":253,"column":32}},"127":{"start":{"line":254,"column":19},"end":{"line":254,"column":32}},"128":{"start":{"line":255,"column":8},"end":{"line":255,"column":40}},"129":{"start":{"line":256,"column":8},"end":{"line":256,"column":17}},"130":{"start":{"line":263,"column":21},"end":{"line":263,"column":31}},"131":{"start":{"line":264,"column":8},"end":{"line":264,"column":20}},"132":{"start":{"line":266,"column":8},"end":{"line":266,"column":47}},"133":{"start":{"line":267,"column":8},"end":{"line":267,"column":47}},"134":{"start":{"line":268,"column":8},"end":{"line":268,"column":47}},"135":{"start":{"line":269,"column":8},"end":{"line":269,"column":47}},"136":{"start":{"line":270,"column":8},"end":{"line":270,"column":57}},"137":{"start":{"line":271,"column":8},"end":{"line":271,"column":57}},"138":{"start":{"line":275,"column":8},"end":{"line":277,"column":57}},"139":{"start":{"line":281,"column":23},"end":{"line":281,"column":34}},"140":{"start":{"line":282,"column":8},"end":{"line":282,"column":53}},"141":{"start":{"line":283,"column":8},"end":{"line":283,"column":53}},"142":{"start":{"line":284,"column":8},"end":{"line":284,"column":29}},"143":{"start":{"line":285,"column":8},"end":{"line":285,"column":20}},"144":{"start":{"line":289,"column":8},"end":{"line":289,"column":31}},"145":{"start":{"line":290,"column":8},"end":{"line":290,"column":31}},"146":{"start":{"line":291,"column":25},"end":{"line":291,"column":55}},"147":{"start":{"line":293,"column":8},"end":{"line":294,"column":46}},"148":{"start":{"line":294,"column":12},"end":{"line":294,"column":46}},"149":{"start":{"line":296,"column":23},"end":{"line":296,"column":34}},"150":{"start":{"line":297,"column":21},"end":{"line":297,"column":31}},"151":{"start":{"line":298,"column":8},"end":{"line":298,"column":25}},"152":{"start":{"line":299,"column":20},"end":{"line":299,"column":37}},"153":{"start":{"line":300,"column":20},"end":{"line":300,"column":37}},"154":{"start":{"line":302,"column":8},"end":{"line":302,"column":50}},"155":{"start":{"line":303,"column":8},"end":{"line":303,"column":50}},"156":{"start":{"line":304,"column":8},"end":{"line":304,"column":51}},"157":{"start":{"line":305,"column":8},"end":{"line":305,"column":51}},"158":{"start":{"line":307,"column":8},"end":{"line":308,"column":48}},"159":{"start":{"line":308,"column":12},"end":{"line":308,"column":48}},"160":{"start":{"line":310,"column":8},"end":{"line":310,"column":29}},"161":{"start":{"line":311,"column":8},"end":{"line":311,"column":20}},"162":{"start":{"line":315,"column":23},"end":{"line":315,"column":34}},"163":{"start":{"line":316,"column":24},"end":{"line":316,"column":33}},"164":{"start":{"line":317,"column":24},"end":{"line":317,"column":33}},"165":{"start":{"line":319,"column":8},"end":{"line":323,"column":null}},"166":{"start":{"line":320,"column":25},"end":{"line":320,"column":43}},"167":{"start":{"line":321,"column":12},"end":{"line":321,"column":42}},"168":{"start":{"line":322,"column":12},"end":{"line":322,"column":42}},"169":{"start":{"line":325,"column":8},"end":{"line":329,"column":null}},"170":{"start":{"line":326,"column":25},"end":{"line":326,"column":43}},"171":{"start":{"line":327,"column":12},"end":{"line":327,"column":40}},"172":{"start":{"line":328,"column":12},"end":{"line":328,"column":40}},"173":{"start":{"line":331,"column":8},"end":{"line":331,"column":29}},"174":{"start":{"line":332,"column":8},"end":{"line":332,"column":20}},"175":{"start":{"line":336,"column":23},"end":{"line":336,"column":34}},"176":{"start":{"line":337,"column":8},"end":{"line":337,"column":24}},"177":{"start":{"line":338,"column":8},"end":{"line":338,"column":24}},"178":{"start":{"line":339,"column":8},"end":{"line":339,"column":24}},"179":{"start":{"line":340,"column":8},"end":{"line":340,"column":24}},"180":{"start":{"line":341,"column":8},"end":{"line":341,"column":29}},"181":{"start":{"line":342,"column":8},"end":{"line":342,"column":20}},"182":{"start":{"line":8,"column":0},"end":{"line":8,"column":22}}},"fnMap":{"0":{"name":"(anonymous_0)","decl":{"start":{"line":11,"column":4},"end":{"line":11,"column":16}},"loc":{"start":{"line":11,"column":32},"end":{"line":15,"column":5}}},"1":{"name":"(anonymous_1)","decl":{"start":{"line":18,"column":4},"end":{"line":18,"column":10}},"loc":{"start":{"line":18,"column":34},"end":{"line":18,"column":74}}},"2":{"name":"(anonymous_2)","decl":{"start":{"line":19,"column":4},"end":{"line":19,"column":10}},"loc":{"start":{"line":19,"column":60},"end":{"line":19,"column":100}}},"3":{"name":"(anonymous_3)","decl":{"start":{"line":22,"column":4},"end":{"line":22,"column":10}},"loc":{"start":{"line":22,"column":23},"end":{"line":22,"column":88}}},"4":{"name":"(anonymous_4)","decl":{"start":{"line":23,"column":4},"end":{"line":23,"column":10}},"loc":{"start":{"line":23,"column":38},"end":{"line":23,"column":67}}},"5":{"name":"(anonymous_5)","decl":{"start":{"line":25,"column":4},"end":{"line":25,"column":10}},"loc":{"start":{"line":25,"column":27},"end":{"line":25,"column":43}}},"6":{"name":"(anonymous_6)","decl":{"start":{"line":26,"column":4},"end":{"line":26,"column":8}},"loc":{"start":{"line":26,"column":20},"end":{"line":26,"column":36}}},"7":{"name":"(anonymous_7)","decl":{"start":{"line":28,"column":4},"end":{"line":28,"column":10}},"loc":{"start":{"line":28,"column":17},"end":{"line":33,"column":5}}},"8":{"name":"(anonymous_8)","decl":{"start":{"line":38,"column":4},"end":{"line":38,"column":18}},"loc":{"start":{"line":38,"column":68},"end":{"line":54,"column":5}}},"9":{"name":"(anonymous_9)","decl":{"start":{"line":56,"column":4},"end":{"line":56,"column":17}},"loc":{"start":{"line":56,"column":33},"end":{"line":63,"column":5}}},"10":{"name":"(anonymous_10)","decl":{"start":{"line":68,"column":4},"end":{"line":68,"column":11}},"loc":{"start":{"line":68,"column":73},"end":{"line":84,"column":5}}},"11":{"name":"(anonymous_11)","decl":{"start":{"line":90,"column":4},"end":{"line":90,"column":12}},"loc":{"start":{"line":90,"column":62},"end":{"line":109,"column":5}}},"12":{"name":"(anonymous_12)","decl":{"start":{"line":114,"column":4},"end":{"line":114,"column":13}},"loc":{"start":{"line":114,"column":63},"end":{"line":127,"column":5}}},"13":{"name":"(anonymous_13)","decl":{"start":{"line":132,"column":4},"end":{"line":132,"column":12}},"loc":{"start":{"line":132,"column":72},"end":{"line":144,"column":5}}},"14":{"name":"(anonymous_14)","decl":{"start":{"line":149,"column":4},"end":{"line":149,"column":8}},"loc":{"start":{"line":149,"column":70},"end":{"line":162,"column":5}}},"15":{"name":"(anonymous_15)","decl":{"start":{"line":164,"column":4},"end":{"line":164,"column":9}},"loc":{"start":{"line":164,"column":25},"end":{"line":164,"column":67}}},"16":{"name":"(anonymous_16)","decl":{"start":{"line":165,"column":4},"end":{"line":165,"column":9}},"loc":{"start":{"line":165,"column":25},"end":{"line":165,"column":67}}},"17":{"name":"(anonymous_17)","decl":{"start":{"line":171,"column":4},"end":{"line":171,"column":9}},"loc":{"start":{"line":171,"column":59},"end":{"line":187,"column":5}}},"18":{"name":"(anonymous_18)","decl":{"start":{"line":191,"column":4},"end":{"line":191,"column":8}},"loc":{"start":{"line":191,"column":53},"end":{"line":200,"column":5}}},"19":{"name":"(anonymous_19)","decl":{"start":{"line":202,"column":4},"end":{"line":202,"column":13}},"loc":{"start":{"line":202,"column":50},"end":{"line":208,"column":5}}},"20":{"name":"(anonymous_20)","decl":{"start":{"line":210,"column":4},"end":{"line":210,"column":15}},"loc":{"start":{"line":210,"column":58},"end":{"line":224,"column":5}}},"21":{"name":"(anonymous_21)","decl":{"start":{"line":226,"column":14},"end":{"line":226,"column":30}},"loc":{"start":{"line":226,"column":70},"end":{"line":232,"column":5}}},"22":{"name":"(anonymous_22)","decl":{"start":{"line":234,"column":14},"end":{"line":234,"column":24}},"loc":{"start":{"line":234,"column":64},"end":{"line":240,"column":5}}},"23":{"name":"(anonymous_23)","decl":{"start":{"line":242,"column":14},"end":{"line":242,"column":23}},"loc":{"start":{"line":242,"column":63},"end":{"line":248,"column":5}}},"24":{"name":"(anonymous_24)","decl":{"start":{"line":250,"column":14},"end":{"line":250,"column":27}},"loc":{"start":{"line":250,"column":67},"end":{"line":257,"column":5}}},"25":{"name":"(anonymous_25)","decl":{"start":{"line":262,"column":14},"end":{"line":262,"column":19}},"loc":{"start":{"line":262,"column":52},"end":{"line":272,"column":5}}},"26":{"name":"(anonymous_26)","decl":{"start":{"line":274,"column":14},"end":{"line":274,"column":29}},"loc":{"start":{"line":274,"column":70},"end":{"line":278,"column":5}}},"27":{"name":"(anonymous_27)","decl":{"start":{"line":280,"column":14},"end":{"line":280,"column":24}},"loc":{"start":{"line":280,"column":47},"end":{"line":286,"column":5}}},"28":{"name":"(anonymous_28)","decl":{"start":{"line":288,"column":14},"end":{"line":288,"column":23}},"loc":{"start":{"line":288,"column":75},"end":{"line":312,"column":5}}},"29":{"name":"(anonymous_29)","decl":{"start":{"line":314,"column":14},"end":{"line":314,"column":19}},"loc":{"start":{"line":314,"column":54},"end":{"line":333,"column":5}}},"30":{"name":"(anonymous_30)","decl":{"start":{"line":335,"column":14},"end":{"line":335,"column":20}},"loc":{"start":{"line":335,"column":43},"end":{"line":343,"column":5}}}},"branchMap":{"0":{"loc":{"start":{"line":22,"column":35},"end":{"line":22,"column":49}},"type":"binary-expr","locations":[{"start":{"line":22,"column":35},"end":{"line":22,"column":49}},{"start":{"line":22,"column":54},"end":{"line":22,"column":84}}]},"1":{"loc":{"start":{"line":29,"column":8},"end":{"line":30,"column":86}},"type":"if","locations":[{"start":{"line":29,"column":8},"end":{"line":30,"column":86}},{"start":{"line":29,"column":8},"end":{"line":30,"column":86}}]},"2":{"loc":{"start":{"line":43,"column":8},"end":{"line":49,"column":null}},"type":"if","locations":[{"start":{"line":43,"column":8},"end":{"line":49,"column":null}},{"start":{"line":43,"column":8},"end":{"line":49,"column":null}}]},"3":{"loc":{"start":{"line":48,"column":17},"end":{"line":48,"column":19}},"type":"binary-expr","locations":[{"start":{"line":48,"column":17},"end":{"line":48,"column":19}},{"start":{"line":48,"column":23},"end":{"line":48,"column":24}}]},"4":{"loc":{"start":{"line":73,"column":8},"end":{"line":79,"column":null}},"type":"if","locations":[{"start":{"line":73,"column":8},"end":{"line":79,"column":null}},{"start":{"line":73,"column":8},"end":{"line":79,"column":null}}]},"5":{"loc":{"start":{"line":78,"column":23},"end":{"line":78,"column":31}},"type":"binary-expr","locations":[{"start":{"line":78,"column":23},"end":{"line":78,"column":31}},{"start":{"line":78,"column":35},"end":{"line":78,"column":36}}]},"6":{"loc":{"start":{"line":95,"column":8},"end":{"line":104,"column":null}},"type":"if","locations":[{"start":{"line":95,"column":8},"end":{"line":104,"column":null}},{"start":{"line":95,"column":8},"end":{"line":104,"column":null}}]},"7":{"loc":{"start":{"line":98,"column":15},"end":{"line":104,"column":null}},"type":"if","locations":[{"start":{"line":98,"column":15},"end":{"line":104,"column":null}},{"start":{"line":98,"column":15},"end":{"line":104,"column":null}}]},"8":{"loc":{"start":{"line":103,"column":17},"end":{"line":103,"column":19}},"type":"binary-expr","locations":[{"start":{"line":103,"column":17},"end":{"line":103,"column":19}},{"start":{"line":103,"column":23},"end":{"line":103,"column":24}}]},"9":{"loc":{"start":{"line":118,"column":8},"end":{"line":124,"column":null}},"type":"if","locations":[{"start":{"line":118,"column":8},"end":{"line":124,"column":null}},{"start":{"line":118,"column":8},"end":{"line":124,"column":null}}]},"10":{"loc":{"start":{"line":123,"column":17},"end":{"line":123,"column":19}},"type":"binary-expr","locations":[{"start":{"line":123,"column":17},"end":{"line":123,"column":19}},{"start":{"line":123,"column":23},"end":{"line":123,"column":24}}]},"11":{"loc":{"start":{"line":136,"column":8},"end":{"line":141,"column":null}},"type":"if","locations":[{"start":{"line":136,"column":8},"end":{"line":141,"column":null}},{"start":{"line":136,"column":8},"end":{"line":141,"column":null}}]},"12":{"loc":{"start":{"line":153,"column":8},"end":{"line":159,"column":null}},"type":"if","locations":[{"start":{"line":153,"column":8},"end":{"line":159,"column":null}},{"start":{"line":153,"column":8},"end":{"line":159,"column":null}}]},"13":{"loc":{"start":{"line":158,"column":23},"end":{"line":158,"column":31}},"type":"binary-expr","locations":[{"start":{"line":158,"column":23},"end":{"line":158,"column":31}},{"start":{"line":158,"column":35},"end":{"line":158,"column":36}}]},"14":{"loc":{"start":{"line":175,"column":8},"end":{"line":184,"column":null}},"type":"if","locations":[{"start":{"line":175,"column":8},"end":{"line":184,"column":null}},{"start":{"line":175,"column":8},"end":{"line":184,"column":null}}]},"15":{"loc":{"start":{"line":178,"column":15},"end":{"line":184,"column":null}},"type":"if","locations":[{"start":{"line":178,"column":15},"end":{"line":184,"column":null}},{"start":{"line":178,"column":15},"end":{"line":184,"column":null}}]},"16":{"loc":{"start":{"line":183,"column":17},"end":{"line":183,"column":19}},"type":"binary-expr","locations":[{"start":{"line":183,"column":17},"end":{"line":183,"column":19}},{"start":{"line":183,"column":23},"end":{"line":183,"column":24}}]},"17":{"loc":{"start":{"line":192,"column":8},"end":{"line":196,"column":null}},"type":"if","locations":[{"start":{"line":192,"column":8},"end":{"line":196,"column":null}},{"start":{"line":192,"column":8},"end":{"line":196,"column":null}}]},"18":{"loc":{"start":{"line":203,"column":17},"end":{"line":203,"column":23}},"type":"binary-expr","locations":[{"start":{"line":203,"column":17},"end":{"line":203,"column":23}},{"start":{"line":203,"column":27},"end":{"line":203,"column":38}}]},"19":{"loc":{"start":{"line":213,"column":8},"end":{"line":213,"column":40}},"type":"if","locations":[{"start":{"line":213,"column":8},"end":{"line":213,"column":40}},{"start":{"line":213,"column":8},"end":{"line":213,"column":40}}]},"20":{"loc":{"start":{"line":227,"column":20},"end":{"line":227,"column":30}},"type":"binary-expr","locations":[{"start":{"line":227,"column":20},"end":{"line":227,"column":30}},{"start":{"line":227,"column":34},"end":{"line":227,"column":35}}]},"21":{"loc":{"start":{"line":235,"column":20},"end":{"line":235,"column":30}},"type":"binary-expr","locations":[{"start":{"line":235,"column":20},"end":{"line":235,"column":30}},{"start":{"line":235,"column":34},"end":{"line":235,"column":35}}]},"22":{"loc":{"start":{"line":243,"column":20},"end":{"line":243,"column":30}},"type":"binary-expr","locations":[{"start":{"line":243,"column":20},"end":{"line":243,"column":30}},{"start":{"line":243,"column":34},"end":{"line":243,"column":35}}]},"23":{"loc":{"start":{"line":251,"column":20},"end":{"line":251,"column":30}},"type":"binary-expr","locations":[{"start":{"line":251,"column":20},"end":{"line":251,"column":30}},{"start":{"line":251,"column":34},"end":{"line":251,"column":35}}]},"24":{"loc":{"start":{"line":289,"column":18},"end":{"line":289,"column":25}},"type":"binary-expr","locations":[{"start":{"line":289,"column":18},"end":{"line":289,"column":25}},{"start":{"line":289,"column":29},"end":{"line":289,"column":30}}]},"25":{"loc":{"start":{"line":290,"column":18},"end":{"line":290,"column":25}},"type":"binary-expr","locations":[{"start":{"line":290,"column":18},"end":{"line":290,"column":25}},{"start":{"line":290,"column":29},"end":{"line":290,"column":30}}]},"26":{"loc":{"start":{"line":291,"column":25},"end":{"line":291,"column":38}},"type":"binary-expr","locations":[{"start":{"line":291,"column":25},"end":{"line":291,"column":38}},{"start":{"line":291,"column":42},"end":{"line":291,"column":55}}]},"27":{"loc":{"start":{"line":293,"column":8},"end":{"line":294,"column":46}},"type":"if","locations":[{"start":{"line":293,"column":8},"end":{"line":294,"column":46}},{"start":{"line":293,"column":8},"end":{"line":294,"column":46}}]},"28":{"loc":{"start":{"line":307,"column":8},"end":{"line":308,"column":48}},"type":"if","locations":[{"start":{"line":307,"column":8},"end":{"line":308,"column":48}},{"start":{"line":307,"column":8},"end":{"line":308,"column":48}}]},"29":{"loc":{"start":{"line":319,"column":8},"end":{"line":323,"column":null}},"type":"if","locations":[{"start":{"line":319,"column":8},"end":{"line":323,"column":null}},{"start":{"line":319,"column":8},"end":{"line":323,"column":null}}]},"30":{"loc":{"start":{"line":325,"column":8},"end":{"line":329,"column":null}},"type":"if","locations":[{"start":{"line":325,"column":8},"end":{"line":329,"column":null}},{"start":{"line":325,"column":8},"end":{"line":329,"column":null}}]}},"s":{"0":1,"1":1,"2":4,"3":4,"4":0,"5":1,"6":3,"7":1,"8":0,"9":0,"10":2,"11":0,"12":2,"13":2,"14":2,"15":2,"16":2,"17":1,"18":1,"19":1,"20":1,"21":2,"22":2,"23":2,"24":2,"25":2,"26":2,"27":2,"28":2,"29":2,"30":4,"31":4,"32":4,"33":4,"34":1,"35":1,"36":3,"37":3,"38":4,"39":4,"40":4,"41":3,"42":3,"43":3,"44":3,"45":1,"46":1,"47":2,"48":1,"49":1,"50":1,"51":1,"52":3,"53":3,"54":3,"55":0,"56":0,"57":0,"58":0,"59":0,"60":0,"61":0,"62":0,"63":0,"64":0,"65":0,"66":0,"67":0,"68":0,"69":0,"70":0,"71":0,"72":0,"73":0,"74":0,"75":0,"76":0,"77":0,"78":0,"79":0,"80":0,"81":0,"82":0,"83":0,"84":0,"85":0,"86":0,"87":0,"88":0,"89":0,"90":0,"91":0,"92":0,"93":0,"94":0,"95":0,"96":0,"97":0,"98":1,"99":1,"100":0,"101":1,"102":1,"103":1,"104":1,"105":1,"106":1,"107":1,"108":1,"109":2,"110":2,"111":2,"112":2,"113":2,"114":3,"115":3,"116":3,"117":3,"118":3,"119":4,"120":4,"121":4,"122":4,"123":4,"124":2,"125":2,"126":2,"127":2,"128":2,"129":2,"130":0,"131":0,"132":0,"133":0,"134":0,"135":0,"136":0,"137":0,"138":0,"139":2,"140":2,"141":2,"142":2,"143":2,"144":2,"145":2,"146":2,"147":2,"148":0,"149":2,"150":2,"151":2,"152":2,"153":2,"154":2,"155":2,"156":2,"157":2,"158":2,"159":0,"160":2,"161":2,"162":4,"163":4,"164":4,"165":4,"166":4,"167":4,"168":4,"169":4,"170":4,"171":4,"172":4,"173":4,"174":4,"175":3,"176":3,"177":3,"178":3,"179":3,"180":3,"181":3,"182":1},"f":{"0":4,"1":0,"2":1,"3":3,"4":1,"5":0,"6":0,"7":2,"8":2,"9":2,"10":4,"11":3,"12":0,"13":0,"14":0,"15":0,"16":0,"17":0,"18":0,"19":0,"20":1,"21":2,"22":3,"23":4,"24":2,"25":0,"26":0,"27":2,"28":2,"29":4,"30":3},"b":{"0":[3,1],"1":[0,2],"2":[1,1],"3":[1,0],"4":[1,3],"5":[3,0],"6":[1,2],"7":[1,1],"8":[1,0],"9":[0,0],"10":[0,0],"11":[0,0],"12":[0,0],"13":[0,0],"14":[0,0],"15":[0,0],"16":[0,0],"17":[0,0],"18":[0,0],"19":[0,1],"20":[2,2],"21":[3,3],"22":[4,4],"23":[2,2],"24":[2,2],"25":[2,2],"26":[2,2],"27":[0,2],"28":[0,2],"29":[4,0],"30":[4,0]}}
}
