TN:
SF:C:\git\repos\wil\typescript\tslibrary\src\matrix\matrix.ts
FN:5,(anonymous_0)
FN:12,(anonymous_1)
FN:18,(anonymous_2)
FN:23,(anonymous_3)
FN:27,(anonymous_4)
FN:28,(anonymous_5)
FN:29,(anonymous_6)
FN:30,(anonymous_7)
FN:31,(anonymous_8)
FN:32,(anonymous_9)
FN:34,(anonymous_10)
FN:35,(anonymous_11)
FN:37,(anonymous_12)
FN:45,copy
FN:50,(anonymous_14)
FN:67,(anonymous_15)
FN:73,(anonymous_16)
FN:80,(anonymous_17)
FN:87,(anonymous_18)
FN:90,(anonymous_19)
FN:91,(anonymous_20)
FN:103,(anonymous_21)
FN:104,(anonymous_22)
FN:105,(anonymous_23)
FN:107,(anonymous_24)
FN:118,(anonymous_25)
FN:125,(anonymous_26)
FN:135,(anonymous_27)
FN:141,(anonymous_28)
FN:172,(anonymous_29)
FN:186,(anonymous_30)
FN:205,(anonymous_31)
FN:207,(anonymous_32)
FN:209,(anonymous_33)
FN:210,(anonymous_34)
FN:221,(anonymous_35)
FN:231,(anonymous_36)
FN:245,(anonymous_37)
FN:255,(anonymous_38)
FN:260,(anonymous_39)
FN:265,(anonymous_40)
FN:270,(anonymous_41)
FN:275,(anonymous_42)
FN:280,(anonymous_43)
FN:287,(anonymous_44)
FN:298,(anonymous_45)
FN:320,(anonymous_46)
FN:325,(anonymous_47)
FNF:48
FNH:23
FNDA:1,(anonymous_0)
FNDA:1,(anonymous_1)
FNDA:15,(anonymous_2)
FNDA:0,(anonymous_3)
FNDA:52,(anonymous_4)
FNDA:58,(anonymous_5)
FNDA:13,(anonymous_6)
FNDA:37,(anonymous_7)
FNDA:0,(anonymous_8)
FNDA:37,(anonymous_9)
FNDA:0,(anonymous_10)
FNDA:0,(anonymous_11)
FNDA:132,(anonymous_12)
FNDA:47,copy
FNDA:0,(anonymous_14)
FNDA:4,(anonymous_15)
FNDA:52,(anonymous_16)
FNDA:13,(anonymous_17)
FNDA:0,(anonymous_18)
FNDA:0,(anonymous_19)
FNDA:25,(anonymous_20)
FNDA:0,(anonymous_21)
FNDA:0,(anonymous_22)
FNDA:0,(anonymous_23)
FNDA:12,(anonymous_24)
FNDA:11,(anonymous_25)
FNDA:2,(anonymous_26)
FNDA:1,(anonymous_27)
FNDA:2,(anonymous_28)
FNDA:0,(anonymous_29)
FNDA:0,(anonymous_30)
FNDA:0,(anonymous_31)
FNDA:0,(anonymous_32)
FNDA:0,(anonymous_33)
FNDA:0,(anonymous_34)
FNDA:0,(anonymous_35)
FNDA:0,(anonymous_36)
FNDA:0,(anonymous_37)
FNDA:0,(anonymous_38)
FNDA:0,(anonymous_39)
FNDA:0,(anonymous_40)
FNDA:0,(anonymous_41)
FNDA:0,(anonymous_42)
FNDA:14,(anonymous_43)
FNDA:24,(anonymous_44)
FNDA:11,(anonymous_45)
FNDA:1,(anonymous_46)
FNDA:0,(anonymous_47)
DA:2,1
DA:3,1
DA:5,1
DA:6,1
DA:7,1
DA:8,1
DA:9,1
DA:12,1
DA:13,1
DA:14,1
DA:17,1
DA:18,15
DA:21,15
DA:24,0
DA:27,52
DA:28,58
DA:29,13
DA:30,37
DA:31,0
DA:32,37
DA:34,0
DA:35,0
DA:38,132
DA:39,48
DA:41,84
DA:45,1
DA:46,47
DA:47,47
DA:48,47
DA:50,0
DA:53,0
DA:56,47
DA:59,1
DA:61,4
DA:62,4
DA:63,4
DA:64,4
DA:65,4
DA:68,4
DA:74,52
DA:75,11
DA:77,52
DA:81,13
DA:82,1
DA:84,13
DA:87,0
DA:89,4
DA:90,0
DA:92,25
DA:94,4
DA:95,2
DA:98,4
DA:103,0
DA:104,0
DA:105,0
DA:108,12
DA:109,12
DA:110,12
DA:111,12
DA:112,12
DA:113,12
DA:114,12
DA:115,12
DA:119,11
DA:120,11
DA:121,11
DA:122,11
DA:126,2
DA:127,2
DA:128,2
DA:129,2
DA:135,1
DA:142,2
DA:143,2
DA:144,2
DA:146,2
DA:147,1
DA:148,1
DA:149,1
DA:151,1
DA:152,1
DA:153,1
DA:156,2
DA:173,0
DA:175,0
DA:176,0
DA:178,0
DA:187,0
DA:188,0
DA:189,0
DA:191,0
DA:192,0
DA:193,0
DA:194,0
DA:196,0
DA:197,0
DA:198,0
DA:201,0
DA:205,0
DA:207,0
DA:209,0
DA:210,0
DA:222,0
DA:224,0
DA:226,0
DA:232,0
DA:233,0
DA:235,0
DA:236,0
DA:238,0
DA:239,0
DA:241,0
DA:242,0
DA:246,0
DA:248,0
DA:249,0
DA:251,0
DA:252,0
DA:256,0
DA:257,0
DA:261,0
DA:262,0
DA:266,0
DA:267,0
DA:271,0
DA:272,0
DA:276,0
DA:277,0
DA:281,14
DA:282,14
DA:283,14
DA:284,14
DA:288,24
DA:289,24
DA:290,24
DA:299,11
DA:301,11
DA:302,11
DA:304,11
DA:305,2
DA:307,11
DA:308,3
DA:310,11
DA:311,4
DA:313,11
DA:314,2
DA:317,11
DA:321,1
DA:322,1
DA:326,0
DA:327,0
DA:328,0
DA:329,0
DA:330,0
LF:154
LH:93
BRDA:5,0,0,1
BRDA:5,0,1,1
BRDA:12,1,0,1
BRDA:12,1,1,1
BRDA:38,2,0,48
BRDA:38,2,1,84
BRDA:46,3,0,47
BRDA:46,3,1,0
BRDA:47,4,0,47
BRDA:47,4,1,0
BRDA:74,5,0,11
BRDA:74,5,1,41
BRDA:81,6,0,1
BRDA:81,6,1,12
BRDA:92,7,0,21
BRDA:92,7,1,4
BRDA:94,8,0,2
BRDA:94,8,1,2
BRDA:146,9,0,1
BRDA:146,9,1,1
BRDA:153,10,0,1
BRDA:153,10,1,1
BRDA:175,11,0,0
BRDA:175,11,1,0
BRDA:176,12,0,0
BRDA:176,12,1,0
BRDA:191,13,0,0
BRDA:191,13,1,0
BRDA:198,14,0,0
BRDA:198,14,1,0
BRDA:224,15,0,0
BRDA:224,15,1,0
BRDA:232,16,0,0
BRDA:232,16,1,0
BRDA:235,17,0,0
BRDA:235,17,1,0
BRDA:238,18,0,0
BRDA:238,18,1,0
BRDA:248,19,0,0
BRDA:248,19,1,0
BRDA:301,20,0,11
BRDA:301,20,1,0
BRDA:304,21,0,2
BRDA:304,21,1,9
BRDA:307,22,0,3
BRDA:307,22,1,8
BRDA:310,23,0,4
BRDA:310,23,1,7
BRDA:313,24,0,2
BRDA:313,24,1,9
BRF:50
BRH:29
end_of_record
TN:
SF:C:\git\repos\wil\typescript\tslibrary\src\matrix\matrix2.ts
FN:11,(anonymous_0)
FN:18,(anonymous_1)
FN:19,(anonymous_2)
FN:22,(anonymous_3)
FN:23,(anonymous_4)
FN:25,(anonymous_5)
FN:26,(anonymous_6)
FN:28,(anonymous_7)
FN:38,(anonymous_8)
FN:56,(anonymous_9)
FN:68,(anonymous_10)
FN:90,(anonymous_11)
FN:114,(anonymous_12)
FN:132,(anonymous_13)
FN:149,(anonymous_14)
FN:164,(anonymous_15)
FN:165,(anonymous_16)
FN:171,(anonymous_17)
FN:191,(anonymous_18)
FN:202,(anonymous_19)
FN:210,(anonymous_20)
FN:226,(anonymous_21)
FN:234,(anonymous_22)
FN:242,(anonymous_23)
FN:250,(anonymous_24)
FN:262,(anonymous_25)
FN:274,(anonymous_26)
FN:280,(anonymous_27)
FN:288,(anonymous_28)
FN:314,(anonymous_29)
FN:335,(anonymous_30)
FNF:31
FNH:18
FNDA:4,(anonymous_0)
FNDA:0,(anonymous_1)
FNDA:1,(anonymous_2)
FNDA:3,(anonymous_3)
FNDA:1,(anonymous_4)
FNDA:0,(anonymous_5)
FNDA:0,(anonymous_6)
FNDA:2,(anonymous_7)
FNDA:2,(anonymous_8)
FNDA:2,(anonymous_9)
FNDA:4,(anonymous_10)
FNDA:3,(anonymous_11)
FNDA:0,(anonymous_12)
FNDA:0,(anonymous_13)
FNDA:0,(anonymous_14)
FNDA:0,(anonymous_15)
FNDA:0,(anonymous_16)
FNDA:0,(anonymous_17)
FNDA:0,(anonymous_18)
FNDA:0,(anonymous_19)
FNDA:1,(anonymous_20)
FNDA:2,(anonymous_21)
FNDA:3,(anonymous_22)
FNDA:4,(anonymous_23)
FNDA:2,(anonymous_24)
FNDA:0,(anonymous_25)
FNDA:0,(anonymous_26)
FNDA:2,(anonymous_27)
FNDA:2,(anonymous_28)
FNDA:4,(anonymous_29)
FNDA:3,(anonymous_30)
DA:1,1
DA:2,1
DA:8,1
DA:12,4
DA:14,4
DA:18,0
DA:19,1
DA:22,3
DA:23,1
DA:25,0
DA:26,0
DA:29,2
DA:30,0
DA:32,2
DA:39,2
DA:40,2
DA:41,2
DA:43,2
DA:44,1
DA:45,1
DA:47,1
DA:48,1
DA:51,2
DA:52,2
DA:53,2
DA:57,2
DA:58,2
DA:59,2
DA:60,2
DA:61,2
DA:62,2
DA:69,4
DA:70,4
DA:71,4
DA:73,4
DA:74,1
DA:75,1
DA:77,3
DA:78,3
DA:81,4
DA:82,4
DA:83,4
DA:91,3
DA:92,3
DA:93,3
DA:95,3
DA:96,1
DA:97,1
DA:98,2
DA:99,1
DA:100,1
DA:102,1
DA:103,1
DA:106,3
DA:107,3
DA:108,3
DA:115,0
DA:116,0
DA:118,0
DA:119,0
DA:120,0
DA:122,0
DA:123,0
DA:126,0
DA:133,0
DA:136,0
DA:137,0
DA:138,0
DA:140,0
DA:143,0
DA:150,0
DA:151,0
DA:153,0
DA:154,0
DA:155,0
DA:157,0
DA:158,0
DA:161,0
DA:164,0
DA:165,0
DA:172,0
DA:173,0
DA:175,0
DA:176,0
DA:177,0
DA:178,0
DA:179,0
DA:180,0
DA:182,0
DA:183,0
DA:186,0
DA:192,0
DA:193,0
DA:194,0
DA:195,0
DA:198,0
DA:199,0
DA:203,0
DA:205,0
DA:211,1
DA:213,1
DA:215,1
DA:216,1
DA:217,1
DA:218,1
DA:219,1
DA:220,1
DA:221,1
DA:223,1
DA:227,2
DA:228,2
DA:229,2
DA:230,2
DA:231,2
DA:235,3
DA:236,3
DA:237,3
DA:238,3
DA:239,3
DA:243,4
DA:244,4
DA:245,4
DA:246,4
DA:247,4
DA:251,2
DA:252,2
DA:253,2
DA:254,2
DA:255,2
DA:256,2
DA:263,0
DA:264,0
DA:266,0
DA:267,0
DA:268,0
DA:269,0
DA:270,0
DA:271,0
DA:275,0
DA:281,2
DA:282,2
DA:283,2
DA:284,2
DA:285,2
DA:289,2
DA:290,2
DA:291,2
DA:293,2
DA:294,0
DA:296,2
DA:297,2
DA:298,2
DA:299,2
DA:300,2
DA:302,2
DA:303,2
DA:304,2
DA:305,2
DA:307,2
DA:308,0
DA:310,2
DA:311,2
DA:315,4
DA:316,4
DA:317,4
DA:319,4
DA:320,4
DA:321,4
DA:322,4
DA:325,4
DA:326,4
DA:327,4
DA:328,4
DA:331,4
DA:332,4
DA:336,3
DA:337,3
DA:338,3
DA:339,3
DA:340,3
DA:341,3
DA:342,3
LF:182
LH:124
BRDA:22,0,0,3
BRDA:22,0,1,1
BRDA:29,1,0,0
BRDA:29,1,1,2
BRDA:43,2,0,1
BRDA:43,2,1,1
BRDA:48,3,0,1
BRDA:48,3,1,0
BRDA:73,4,0,1
BRDA:73,4,1,3
BRDA:78,5,0,3
BRDA:78,5,1,0
BRDA:95,6,0,1
BRDA:95,6,1,2
BRDA:98,7,0,1
BRDA:98,7,1,1
BRDA:103,8,0,1
BRDA:103,8,1,0
BRDA:118,9,0,0
BRDA:118,9,1,0
BRDA:123,10,0,0
BRDA:123,10,1,0
BRDA:136,11,0,0
BRDA:136,11,1,0
BRDA:153,12,0,0
BRDA:153,12,1,0
BRDA:158,13,0,0
BRDA:158,13,1,0
BRDA:175,14,0,0
BRDA:175,14,1,0
BRDA:178,15,0,0
BRDA:178,15,1,0
BRDA:183,16,0,0
BRDA:183,16,1,0
BRDA:192,17,0,0
BRDA:192,17,1,0
BRDA:203,18,0,0
BRDA:203,18,1,0
BRDA:213,19,0,0
BRDA:213,19,1,1
BRDA:227,20,0,2
BRDA:227,20,1,2
BRDA:235,21,0,3
BRDA:235,21,1,3
BRDA:243,22,0,4
BRDA:243,22,1,4
BRDA:251,23,0,2
BRDA:251,23,1,2
BRDA:289,24,0,2
BRDA:289,24,1,2
BRDA:290,25,0,2
BRDA:290,25,1,2
BRDA:291,26,0,2
BRDA:291,26,1,2
BRDA:293,27,0,0
BRDA:293,27,1,2
BRDA:307,28,0,0
BRDA:307,28,1,2
BRDA:319,29,0,4
BRDA:319,29,1,0
BRDA:325,30,0,4
BRDA:325,30,1,0
BRF:62
BRH:33
end_of_record
